#
# There is insufficient memory for the Java Runtime Environment to continue.
# Native memory allocation (malloc) failed to allocate 1504656 bytes. Error detail: Chunk::new
# Possible reasons:
#   The system is out of physical RAM or swap space
#   This process is running with CompressedOops enabled, and the Java Heap may be blocking the growth of the native heap
# Possible solutions:
#   Reduce memory load on the system
#   Increase physical memory or swap space
#   Check if swap backing store is full
#   Decrease Java heap size (-Xmx/-Xms)
#   Decrease number of Java threads
#   Decrease Java thread stack sizes (-Xss)
#   Set larger code cache with -XX:ReservedCodeCacheSize=
#   JVM is running with Unscaled Compressed Oops mode in which the Java heap is
#     placed in the first 4GB address space. The Java Heap base address is the
#     maximum limit for the native heap growth. Please use -XX:HeapBaseMinAddress
#     to set the Java Heap base and to place the Java Heap above 4GB virtual address.
# This output file may be truncated or incomplete.
#
#  Out of Memory Error (arena.cpp:168), pid=26864, tid=11080
#
# JRE version: OpenJDK Runtime Environment Temurin-21.0.8+9 (21.0.8+9) (build 21.0.8+9-LTS)
# Java VM: OpenJDK 64-Bit Server VM Temurin-21.0.8+9 (21.0.8+9-LTS, mixed mode, sharing, tiered, compressed oops, compressed class ptrs, parallel gc, windows-amd64)
# No core dump will be written. Minidumps are not enabled by default on client versions of Windows
#

---------------  S U M M A R Y ------------

Command Line: --add-modules=ALL-SYSTEM --add-opens=java.base/java.util=ALL-UNNAMED --add-opens=java.base/java.lang=ALL-UNNAMED --add-opens=java.base/sun.nio.fs=ALL-UNNAMED -Declipse.application=org.eclipse.jdt.ls.core.id1 -Dosgi.bundles.defaultStartLevel=4 -Declipse.product=org.eclipse.jdt.ls.core.product -Djava.import.generatesMetadataFilesAtProjectRoot=false -DDetectVMInstallationsJob.disabled=true -Dfile.encoding=utf8 -XX:+UseParallelGC -XX:GCTimeRatio=4 -XX:AdaptiveSizePolicyWeight=90 -Dsun.zip.disableMemoryMapping=true -Xmx2G -Xms100m -Xlog:disable -javaagent:c:\Users\dttsi\.vscode\extensions\redhat.java-1.44.0-win32-x64\lombok\lombok-1.18.39-4050.jar -XX:+HeapDumpOnOutOfMemoryError -XX:HeapDumpPath=c:\Users\dttsi\AppData\Roaming\Code\User\workspaceStorage\5330bde7bc9423cf7c822adc1687a396\redhat.java -Daether.dependencyCollector.impl=bf c:\Users\dttsi\.vscode\extensions\redhat.java-1.44.0-win32-x64\server\plugins\org.eclipse.equinox.launcher_1.7.0.v20250519-0528.jar -configuration c:\Users\dttsi\AppData\Roaming\Code\User\globalStorage\redhat.java\1.44.0\config_win -data c:\Users\dttsi\AppData\Roaming\Code\User\workspaceStorage\5330bde7bc9423cf7c822adc1687a396\redhat.java\jdt_ws --pipe=\\.\pipe\lsp-77802587a3a584942c265ddbb843df9f-sock

Host: 12th Gen Intel(R) Core(TM) i7-1255U, 12 cores, 7G,  Windows 11 , 64 bit Build 26100 (10.0.26100.4768)
Time: Sat Aug  9 08:48:52 2025 Malay Peninsula Standard Time elapsed time: 64.572370 seconds (0d 0h 1m 4s)

---------------  T H R E A D  ---------------

Current thread (0x000001dd0e9d4c70):  JavaThread "C2 CompilerThread0" daemon [_thread_in_native, id=11080, stack(0x000000ba0a800000,0x000000ba0a900000) (1024K)]


Current CompileTask:
C2:64572 4179       4       org.lombokweb.asm.ClassReader::readMethod (1070 bytes)

Stack: [0x000000ba0a800000,0x000000ba0a900000]
Native frames: (J=compiled Java code, j=interpreted, Vv=VM code, C=native code)
V  [jvm.dll+0x6d2449]
V  [jvm.dll+0x8ae341]
V  [jvm.dll+0x8b08be]
V  [jvm.dll+0x8b0fa3]
V  [jvm.dll+0x280c96]
V  [jvm.dll+0xc581d]
V  [jvm.dll+0xc5d53]
V  [jvm.dll+0x3b9162]
V  [jvm.dll+0x385315]
V  [jvm.dll+0x38477a]
V  [jvm.dll+0x248ed0]
V  [jvm.dll+0x2484af]
V  [jvm.dll+0x1c89ee]
V  [jvm.dll+0x257d4d]
V  [jvm.dll+0x2562ea]
V  [jvm.dll+0x3f2d16]
V  [jvm.dll+0x857e6b]
V  [jvm.dll+0x6d0b0d]
C  [ucrtbase.dll+0x37b0]
C  [KERNEL32.DLL+0x2e8d7]
C  [ntdll.dll+0x3c34c]


---------------  P R O C E S S  ---------------

Threads class SMR info:
_java_thread_list=0x000001dd15197a30, length=24, elements={
0x000001dcb4f7daf0, 0x000001dccba1d630, 0x000001dccba1e080, 0x000001dd0e999050,
0x000001dd0e999dd0, 0x000001dd0e99e100, 0x000001dd0e9a2150, 0x000001dd0e9d4c70,
0x000001dd0e9d8ea0, 0x000001dd0eaa3000, 0x000001dd0ecd63d0, 0x000001dd13455850,
0x000001dd1300d260, 0x000001dd1306a190, 0x000001dd1306abc0, 0x000001dd13ad4e00,
0x000001dd13a0d2d0, 0x000001dd13a90610, 0x000001dd13a91330, 0x000001dd13a8f8f0,
0x000001dd13a8deb0, 0x000001dd13a8ebd0, 0x000001dd13a8f260, 0x000001dd13a8ff80
}

Java Threads: ( => current thread )
  0x000001dcb4f7daf0 JavaThread "main"                              [_thread_blocked, id=5680, stack(0x000000ba09e00000,0x000000ba09f00000) (1024K)]
  0x000001dccba1d630 JavaThread "Reference Handler"          daemon [_thread_blocked, id=35032, stack(0x000000ba0a200000,0x000000ba0a300000) (1024K)]
  0x000001dccba1e080 JavaThread "Finalizer"                  daemon [_thread_blocked, id=28736, stack(0x000000ba0a300000,0x000000ba0a400000) (1024K)]
  0x000001dd0e999050 JavaThread "Signal Dispatcher"          daemon [_thread_blocked, id=24280, stack(0x000000ba0a400000,0x000000ba0a500000) (1024K)]
  0x000001dd0e999dd0 JavaThread "Attach Listener"            daemon [_thread_blocked, id=4520, stack(0x000000ba0a500000,0x000000ba0a600000) (1024K)]
  0x000001dd0e99e100 JavaThread "Service Thread"             daemon [_thread_blocked, id=34336, stack(0x000000ba0a600000,0x000000ba0a700000) (1024K)]
  0x000001dd0e9a2150 JavaThread "Monitor Deflation Thread"   daemon [_thread_blocked, id=23960, stack(0x000000ba0a700000,0x000000ba0a800000) (1024K)]
=>0x000001dd0e9d4c70 JavaThread "C2 CompilerThread0"         daemon [_thread_in_native, id=11080, stack(0x000000ba0a800000,0x000000ba0a900000) (1024K)]
  0x000001dd0e9d8ea0 JavaThread "C1 CompilerThread0"         daemon [_thread_blocked, id=16452, stack(0x000000ba0a900000,0x000000ba0aa00000) (1024K)]
  0x000001dd0eaa3000 JavaThread "Common-Cleaner"             daemon [_thread_blocked, id=7904, stack(0x000000ba0aa00000,0x000000ba0ab00000) (1024K)]
  0x000001dd0ecd63d0 JavaThread "Notification Thread"        daemon [_thread_blocked, id=13960, stack(0x000000ba0ab00000,0x000000ba0ac00000) (1024K)]
  0x000001dd13455850 JavaThread "Active Thread: Equinox Container: 5a0cabb3-b67f-4730-b776-5c3596364c7e"        [_thread_blocked, id=34836, stack(0x000000ba0b200000,0x000000ba0b300000) (1024K)]
  0x000001dd1300d260 JavaThread "Refresh Thread: Equinox Container: 5a0cabb3-b67f-4730-b776-5c3596364c7e" daemon [_thread_blocked, id=29520, stack(0x000000ba0b300000,0x000000ba0b400000) (1024K)]
  0x000001dd1306a190 JavaThread "Framework Event Dispatcher: Equinox Container: 5a0cabb3-b67f-4730-b776-5c3596364c7e" daemon [_thread_blocked, id=31152, stack(0x000000ba0b500000,0x000000ba0b600000) (1024K)]
  0x000001dd1306abc0 JavaThread "Start Level: Equinox Container: 5a0cabb3-b67f-4730-b776-5c3596364c7e" daemon [_thread_in_vm, id=29676, stack(0x000000ba0b600000,0x000000ba0b700000) (1024K)]
  0x000001dd13ad4e00 JavaThread "Bundle File Closer"         daemon [_thread_blocked, id=21000, stack(0x000000ba0b900000,0x000000ba0ba00000) (1024K)]
  0x000001dd13a0d2d0 JavaThread "SCR Component Actor"        daemon [_thread_blocked, id=30604, stack(0x000000ba0ba00000,0x000000ba0bb00000) (1024K)]
  0x000001dd13a90610 JavaThread "Worker-JM"                         [_thread_blocked, id=37088, stack(0x000000ba0bc00000,0x000000ba0bd00000) (1024K)]
  0x000001dd13a91330 JavaThread "JNA Cleaner"                daemon [_thread_blocked, id=23612, stack(0x000000ba0bb00000,0x000000ba0bc00000) (1024K)]
  0x000001dd13a8f8f0 JavaThread "Worker-0: Updating Maven Dependencies"        [_thread_in_vm, id=37892, stack(0x000000ba0bd00000,0x000000ba0be00000) (1024K)]
  0x000001dd13a8deb0 JavaThread "Worker-1: Repository registry initialization"        [_thread_blocked, id=30480, stack(0x000000ba0be00000,0x000000ba0bf00000) (1024K)]
  0x000001dd13a8ebd0 JavaThread "SCR Component Registry"     daemon [_thread_blocked, id=23992, stack(0x000000ba0bf00000,0x000000ba0c000000) (1024K)]
  0x000001dd13a8f260 JavaThread "Worker-2"                          [_thread_blocked, id=25744, stack(0x000000ba09b00000,0x000000ba09c00000) (1024K)]
  0x000001dd13a8ff80 JavaThread "Worker-3"                          [_thread_blocked, id=7576, stack(0x000000ba09c00000,0x000000ba09d00000) (1024K)]
Total: 24

Other Threads:
  0x000001dccba055a0 VMThread "VM Thread"                           [id=36804, stack(0x000000ba0a100000,0x000000ba0a200000) (1024K)]
  0x000001dccb8fca00 WatcherThread "VM Periodic Task Thread"        [id=33468, stack(0x000000ba0a000000,0x000000ba0a100000) (1024K)]
  0x000001dcb4f9d340 WorkerThread "GC Thread#0"                     [id=21596, stack(0x000000ba09f00000,0x000000ba0a000000) (1024K)]
  0x000001dd1314f0b0 WorkerThread "GC Thread#1"                     [id=21256, stack(0x000000ba0ac00000,0x000000ba0ad00000) (1024K)]
  0x000001dd133b09a0 WorkerThread "GC Thread#2"                     [id=27452, stack(0x000000ba0ad00000,0x000000ba0ae00000) (1024K)]
  0x000001dd133b0d40 WorkerThread "GC Thread#3"                     [id=32452, stack(0x000000ba0ae00000,0x000000ba0af00000) (1024K)]
  0x000001dd133b10e0 WorkerThread "GC Thread#4"                     [id=27684, stack(0x000000ba0af00000,0x000000ba0b000000) (1024K)]
  0x000001dd133e05f0 WorkerThread "GC Thread#5"                     [id=34772, stack(0x000000ba0b000000,0x000000ba0b100000) (1024K)]
  0x000001dd133e0990 WorkerThread "GC Thread#6"                     [id=21176, stack(0x000000ba0b100000,0x000000ba0b200000) (1024K)]
  0x000001dd1300d8c0 WorkerThread "GC Thread#7"                     [id=17124, stack(0x000000ba0b400000,0x000000ba0b500000) (1024K)]
  0x000001dd135b0fd0 WorkerThread "GC Thread#8"                     [id=23436, stack(0x000000ba0b700000,0x000000ba0b800000) (1024K)]
  0x000001dd135b0c30 WorkerThread "GC Thread#9"                     [id=26088, stack(0x000000ba0b800000,0x000000ba0b900000) (1024K)]
Total: 12

Threads with active compile tasks:
C2 CompilerThread0  64658 4179       4       org.lombokweb.asm.ClassReader::readMethod (1070 bytes)
Total: 1

VM state: not at safepoint (normal execution)

VM Mutex/Monitor currently owned by a thread: None

Heap address: 0x0000000080000000, size: 2048 MB, Compressed Oops mode: 32-bit

CDS archive(s) mapped at: [0x000001dccc000000-0x000001dcccba0000-0x000001dcccba0000), size 12189696, SharedBaseAddress: 0x000001dccc000000, ArchiveRelocationMode: 1.
Compressed class space mapped at: 0x000001dccd000000-0x000001dd0d000000, reserved size: 1073741824
Narrow klass base: 0x000001dccc000000, Narrow klass shift: 0, Narrow klass range: 0x100000000

GC Precious Log:
 CardTable entry size: 512
 CPUs: 12 total, 12 available
 Memory: 7916M
 Large Page Support: Disabled
 NUMA Support: Disabled
 Compressed Oops: Enabled (32-bit)
 Alignments: Space 512K, Generation 512K, Heap 2M
 Heap Min Capacity: 100M
 Heap Initial Capacity: 100M
 Heap Max Capacity: 2G
 Pre-touch: Disabled
 Parallel Workers: 10

Heap:
 PSYoungGen      total 25088K, used 5598K [0x00000000d5580000, 0x00000000d7380000, 0x0000000100000000)
  eden space 23040K, 17% used [0x00000000d5580000,0x00000000d59646c8,0x00000000d6c00000)
  from space 2048K, 78% used [0x00000000d7180000,0x00000000d7313390,0x00000000d7380000)
  to   space 2048K, 0% used [0x00000000d6f80000,0x00000000d6f80000,0x00000000d7180000)
 ParOldGen       total 68608K, used 14616K [0x0000000080000000, 0x0000000084300000, 0x00000000d5580000)
  object space 68608K, 21% used [0x0000000080000000,0x0000000080e46288,0x0000000084300000)
 Metaspace       used 28742K, committed 29632K, reserved 1114112K
  class space    used 2836K, committed 3200K, reserved 1048576K

Card table byte_map: [0x000001dcb4930000,0x000001dcb4d40000] _byte_map_base: 0x000001dcb4530000

Marking Bits: (ParMarkBitMap*) 0x00007ffce1cea340
 Begin Bits: [0x000001dcc7420000, 0x000001dcc9420000)
 End Bits:   [0x000001dcc9420000, 0x000001dccb420000)

Polling page: 0x000001dcb2de0000

Metaspace:

Usage:
  Non-class:     25.31 MB used.
      Class:      2.77 MB used.
       Both:     28.08 MB used.

Virtual space:
  Non-class space:       64.00 MB reserved,      25.81 MB ( 40%) committed,  1 nodes.
      Class space:        1.00 GB reserved,       3.12 MB ( <1%) committed,  1 nodes.
             Both:        1.06 GB reserved,      28.94 MB (  3%) committed. 

Chunk freelists:
   Non-Class:  5.56 MB
       Class:  12.77 MB
        Both:  18.33 MB

MaxMetaspaceSize: unlimited
CompressedClassSpaceSize: 1.00 GB
Initial GC threshold: 21.00 MB
Current GC threshold: 35.00 MB
CDS: on
 - commit_granule_bytes: 65536.
 - commit_granule_words: 8192.
 - virtual_space_node_default_size: 8388608.
 - enlarge_chunks_in_place: 1.
 - use_allocation_guard: 0.


Internal statistics:

num_allocs_failed_limit: 3.
num_arena_births: 686.
num_arena_deaths: 14.
num_vsnodes_births: 2.
num_vsnodes_deaths: 0.
num_space_committed: 463.
num_space_uncommitted: 0.
num_chunks_returned_to_freelist: 17.
num_chunks_taken_from_freelist: 1867.
num_chunk_merges: 7.
num_chunk_splits: 1190.
num_chunks_enlarged: 761.
num_inconsistent_stats: 0.

CodeHeap 'non-profiled nmethods': size=120000Kb used=1935Kb max_used=1935Kb free=118064Kb
 bounds [0x000001dcbfc40000, 0x000001dcbfeb0000, 0x000001dcc7170000]
CodeHeap 'profiled nmethods': size=120000Kb used=9093Kb max_used=9093Kb free=110906Kb
 bounds [0x000001dcb8170000, 0x000001dcb8a60000, 0x000001dcbf6a0000]
CodeHeap 'non-nmethods': size=5760Kb used=1328Kb max_used=1334Kb free=4431Kb
 bounds [0x000001dcbf6a0000, 0x000001dcbf910000, 0x000001dcbfc40000]
CodeCache: size=245760Kb, used=12356Kb, max_used=12362Kb, free=233401Kb
 total_blobs=4919, nmethods=4300, adapters=525, full_count=0
Compilation: enabled, stopped_count=0, restarted_count=0

Compilation events (20 events):
Event: 63.538 Thread 0x000001dd0e9d8ea0 4285       3       org.lombokweb.asm.MethodWriter::visitMethodInsn (191 bytes)
Event: 63.540 Thread 0x000001dd0e9d8ea0 nmethod 4285 0x000001dcb8a2cb90 code [0x000001dcb8a2cde0, 0x000001dcb8a2d5a0]
Event: 63.540 Thread 0x000001dd0e9d8ea0 4287       2       java.util.regex.Pattern$BmpCharPropertyGreedy::match (89 bytes)
Event: 63.541 Thread 0x000001dd0e9d8ea0 nmethod 4287 0x000001dcb8a2d890 code [0x000001dcb8a2da60, 0x000001dcb8a2ddd0]
Event: 63.541 Thread 0x000001dd0e9d8ea0 4286       3       org.lombokweb.asm.SymbolTable::addConstantMethodref (24 bytes)
Event: 63.541 Thread 0x000001dd0e9d8ea0 nmethod 4286 0x000001dcb8a2df90 code [0x000001dcb8a2e140, 0x000001dcb8a2e2e0]
Event: 63.541 Thread 0x000001dd0e9d8ea0 4283       3       org.lombokweb.asm.MethodVisitor::visitMethodInsn (80 bytes)
Event: 63.542 Thread 0x000001dd0e9d8ea0 nmethod 4283 0x000001dcb8a2e390 code [0x000001dcb8a2e580, 0x000001dcb8a2ea28]
Event: 63.542 Thread 0x000001dd0e9d8ea0 4284       3       org.lombokweb.asm.MethodVisitor::visitJumpInsn (17 bytes)
Event: 63.542 Thread 0x000001dd0e9d8ea0 nmethod 4284 0x000001dcb8a2eb90 code [0x000001dcb8a2ed40, 0x000001dcb8a2ef48]
Event: 63.542 Thread 0x000001dd0e9d8ea0 4290       3       lombok.patcher.scripts.ReplaceMethodCallScript$ReplaceMethodCall::visitMethodInsn (250 bytes)
Event: 63.543 Thread 0x000001dd0e9d8ea0 nmethod 4290 0x000001dcb8a2f010 code [0x000001dcb8a2f3c0, 0x000001dcb8a30958]
Event: 63.543 Thread 0x000001dd0e9d8ea0 4288       1       lombok.patcher.scripts.ReplaceMethodCallScript::access$0 (5 bytes)
Event: 63.543 Thread 0x000001dd0e9d8ea0 nmethod 4288 0x000001dcbfe23090 code [0x000001dcbfe23220, 0x000001dcbfe232d0]
Event: 63.544 Thread 0x000001dd0e9d8ea0 4291       3       org.lombokweb.asm.MethodVisitor::visitFrame (22 bytes)
Event: 63.545 Thread 0x000001dd0e9d8ea0 nmethod 4291 0x000001dcb8a31290 code [0x000001dcb8a31440, 0x000001dcb8a31648]
Event: 63.545 Thread 0x000001dd0e9d8ea0 4282       1       lombok.patcher.scripts.WrapReturnValuesScript::access$1 (5 bytes)
Event: 63.546 Thread 0x000001dd0e9d8ea0 nmethod 4282 0x000001dcbfe23390 code [0x000001dcbfe23520, 0x000001dcbfe235d0]
Event: 63.546 Thread 0x000001dd0e9d8ea0 4280       3       java.util.regex.Matcher::<init> (95 bytes)
Event: 63.547 Thread 0x000001dd0e9d8ea0 nmethod 4280 0x000001dcb8a31710 code [0x000001dcb8a318e0, 0x000001dcb8a31d90]

GC Heap History (20 events):
Event: 5.662 GC heap before
{Heap before GC invocations=1 (full 0):
 PSYoungGen      total 29696K, used 25600K [0x00000000d5580000, 0x00000000d7680000, 0x0000000100000000)
  eden space 25600K, 100% used [0x00000000d5580000,0x00000000d6e80000,0x00000000d6e80000)
  from space 4096K, 0% used [0x00000000d7280000,0x00000000d7280000,0x00000000d7680000)
  to   space 4096K, 0% used [0x00000000d6e80000,0x00000000d6e80000,0x00000000d7280000)
 ParOldGen       total 68608K, used 0K [0x0000000080000000, 0x0000000084300000, 0x00000000d5580000)
  object space 68608K, 0% used [0x0000000080000000,0x0000000080000000,0x0000000084300000)
 Metaspace       used 4322K, committed 4608K, reserved 1114112K
  class space    used 471K, committed 576K, reserved 1048576K
}
Event: 5.687 GC heap after
{Heap after GC invocations=1 (full 0):
 PSYoungGen      total 29696K, used 3318K [0x00000000d5580000, 0x00000000d7680000, 0x0000000100000000)
  eden space 25600K, 0% used [0x00000000d5580000,0x00000000d5580000,0x00000000d6e80000)
  from space 4096K, 81% used [0x00000000d6e80000,0x00000000d71bdbc8,0x00000000d7280000)
  to   space 4096K, 0% used [0x00000000d7280000,0x00000000d7280000,0x00000000d7680000)
 ParOldGen       total 68608K, used 16K [0x0000000080000000, 0x0000000084300000, 0x00000000d5580000)
  object space 68608K, 0% used [0x0000000080000000,0x0000000080004000,0x0000000084300000)
 Metaspace       used 4322K, committed 4608K, reserved 1114112K
  class space    used 471K, committed 576K, reserved 1048576K
}
Event: 19.676 GC heap before
{Heap before GC invocations=2 (full 0):
 PSYoungGen      total 29696K, used 28918K [0x00000000d5580000, 0x00000000d7680000, 0x0000000100000000)
  eden space 25600K, 100% used [0x00000000d5580000,0x00000000d6e80000,0x00000000d6e80000)
  from space 4096K, 81% used [0x00000000d6e80000,0x00000000d71bdbc8,0x00000000d7280000)
  to   space 4096K, 0% used [0x00000000d7280000,0x00000000d7280000,0x00000000d7680000)
 ParOldGen       total 68608K, used 16K [0x0000000080000000, 0x0000000084300000, 0x00000000d5580000)
  object space 68608K, 0% used [0x0000000080000000,0x0000000080004000,0x0000000084300000)
 Metaspace       used 8032K, committed 8320K, reserved 1114112K
  class space    used 841K, committed 960K, reserved 1048576K
}
Event: 19.692 GC heap after
{Heap after GC invocations=2 (full 0):
 PSYoungGen      total 29696K, used 4069K [0x00000000d5580000, 0x00000000d7680000, 0x0000000100000000)
  eden space 25600K, 0% used [0x00000000d5580000,0x00000000d5580000,0x00000000d6e80000)
  from space 4096K, 99% used [0x00000000d7280000,0x00000000d7679520,0x00000000d7680000)
  to   space 4096K, 0% used [0x00000000d6e80000,0x00000000d6e80000,0x00000000d7280000)
 ParOldGen       total 68608K, used 1713K [0x0000000080000000, 0x0000000084300000, 0x00000000d5580000)
  object space 68608K, 2% used [0x0000000080000000,0x00000000801ac6a8,0x0000000084300000)
 Metaspace       used 8032K, committed 8320K, reserved 1114112K
  class space    used 841K, committed 960K, reserved 1048576K
}
Event: 28.503 GC heap before
{Heap before GC invocations=3 (full 0):
 PSYoungGen      total 29696K, used 29669K [0x00000000d5580000, 0x00000000d7680000, 0x0000000100000000)
  eden space 25600K, 100% used [0x00000000d5580000,0x00000000d6e80000,0x00000000d6e80000)
  from space 4096K, 99% used [0x00000000d7280000,0x00000000d7679520,0x00000000d7680000)
  to   space 4096K, 0% used [0x00000000d6e80000,0x00000000d6e80000,0x00000000d7280000)
 ParOldGen       total 68608K, used 1713K [0x0000000080000000, 0x0000000084300000, 0x00000000d5580000)
  object space 68608K, 2% used [0x0000000080000000,0x00000000801ac6a8,0x0000000084300000)
 Metaspace       used 9311K, committed 9664K, reserved 1114112K
  class space    used 994K, committed 1152K, reserved 1048576K
}
Event: 28.514 GC heap after
{Heap after GC invocations=3 (full 0):
 PSYoungGen      total 29696K, used 4083K [0x00000000d5580000, 0x00000000d7680000, 0x0000000100000000)
  eden space 25600K, 0% used [0x00000000d5580000,0x00000000d5580000,0x00000000d6e80000)
  from space 4096K, 99% used [0x00000000d6e80000,0x00000000d727cf70,0x00000000d7280000)
  to   space 4096K, 0% used [0x00000000d7280000,0x00000000d7280000,0x00000000d7680000)
 ParOldGen       total 68608K, used 5074K [0x0000000080000000, 0x0000000084300000, 0x00000000d5580000)
  object space 68608K, 7% used [0x0000000080000000,0x00000000804f49d0,0x0000000084300000)
 Metaspace       used 9311K, committed 9664K, reserved 1114112K
  class space    used 994K, committed 1152K, reserved 1048576K
}
Event: 38.079 GC heap before
{Heap before GC invocations=4 (full 0):
 PSYoungGen      total 29696K, used 29683K [0x00000000d5580000, 0x00000000d7680000, 0x0000000100000000)
  eden space 25600K, 100% used [0x00000000d5580000,0x00000000d6e80000,0x00000000d6e80000)
  from space 4096K, 99% used [0x00000000d6e80000,0x00000000d727cf70,0x00000000d7280000)
  to   space 4096K, 0% used [0x00000000d7280000,0x00000000d7280000,0x00000000d7680000)
 ParOldGen       total 68608K, used 5074K [0x0000000080000000, 0x0000000084300000, 0x00000000d5580000)
  object space 68608K, 7% used [0x0000000080000000,0x00000000804f49d0,0x0000000084300000)
 Metaspace       used 12186K, committed 12544K, reserved 1114112K
  class space    used 1288K, committed 1472K, reserved 1048576K
}
Event: 38.091 GC heap after
{Heap after GC invocations=4 (full 0):
 PSYoungGen      total 29696K, used 4094K [0x00000000d5580000, 0x00000000d7680000, 0x0000000100000000)
  eden space 25600K, 0% used [0x00000000d5580000,0x00000000d5580000,0x00000000d6e80000)
  from space 4096K, 99% used [0x00000000d7280000,0x00000000d767fab8,0x00000000d7680000)
  to   space 4096K, 0% used [0x00000000d6e80000,0x00000000d6e80000,0x00000000d7280000)
 ParOldGen       total 68608K, used 6393K [0x0000000080000000, 0x0000000084300000, 0x00000000d5580000)
  object space 68608K, 9% used [0x0000000080000000,0x000000008063e658,0x0000000084300000)
 Metaspace       used 12186K, committed 12544K, reserved 1114112K
  class space    used 1288K, committed 1472K, reserved 1048576K
}
Event: 39.477 GC heap before
{Heap before GC invocations=5 (full 0):
 PSYoungGen      total 29696K, used 29691K [0x00000000d5580000, 0x00000000d7680000, 0x0000000100000000)
  eden space 25600K, 99% used [0x00000000d5580000,0x00000000d6e7f528,0x00000000d6e80000)
  from space 4096K, 99% used [0x00000000d7280000,0x00000000d767fab8,0x00000000d7680000)
  to   space 4096K, 0% used [0x00000000d6e80000,0x00000000d6e80000,0x00000000d7280000)
 ParOldGen       total 68608K, used 6393K [0x0000000080000000, 0x0000000084300000, 0x00000000d5580000)
  object space 68608K, 9% used [0x0000000080000000,0x000000008063e658,0x0000000084300000)
 Metaspace       used 15207K, committed 15808K, reserved 1114112K
  class space    used 1552K, committed 1856K, reserved 1048576K
}
Event: 39.485 GC heap after
{Heap after GC invocations=5 (full 0):
 PSYoungGen      total 29184K, used 4070K [0x00000000d5580000, 0x00000000d7a00000, 0x0000000100000000)
  eden space 25088K, 0% used [0x00000000d5580000,0x00000000d5580000,0x00000000d6e00000)
  from space 4096K, 99% used [0x00000000d6e80000,0x00000000d7279a90,0x00000000d7280000)
  to   space 6144K, 0% used [0x00000000d7400000,0x00000000d7400000,0x00000000d7a00000)
 ParOldGen       total 68608K, used 8235K [0x0000000080000000, 0x0000000084300000, 0x00000000d5580000)
  object space 68608K, 12% used [0x0000000080000000,0x000000008080ae10,0x0000000084300000)
 Metaspace       used 15207K, committed 15808K, reserved 1114112K
  class space    used 1552K, committed 1856K, reserved 1048576K
}
Event: 60.282 GC heap before
{Heap before GC invocations=6 (full 0):
 PSYoungGen      total 29184K, used 29158K [0x00000000d5580000, 0x00000000d7a00000, 0x0000000100000000)
  eden space 25088K, 100% used [0x00000000d5580000,0x00000000d6e00000,0x00000000d6e00000)
  from space 4096K, 99% used [0x00000000d6e80000,0x00000000d7279a90,0x00000000d7280000)
  to   space 6144K, 0% used [0x00000000d7400000,0x00000000d7400000,0x00000000d7a00000)
 ParOldGen       total 68608K, used 8235K [0x0000000080000000, 0x0000000084300000, 0x00000000d5580000)
  object space 68608K, 12% used [0x0000000080000000,0x000000008080ae10,0x0000000084300000)
 Metaspace       used 18555K, committed 19200K, reserved 1114112K
  class space    used 1923K, committed 2176K, reserved 1048576K
}
Event: 60.287 GC heap after
{Heap after GC invocations=6 (full 0):
 PSYoungGen      total 30208K, used 5399K [0x00000000d5580000, 0x00000000d7980000, 0x0000000100000000)
  eden space 24576K, 0% used [0x00000000d5580000,0x00000000d5580000,0x00000000d6d80000)
  from space 5632K, 95% used [0x00000000d7400000,0x00000000d7945d98,0x00000000d7980000)
  to   space 5632K, 0% used [0x00000000d6e80000,0x00000000d6e80000,0x00000000d7400000)
 ParOldGen       total 68608K, used 8243K [0x0000000080000000, 0x0000000084300000, 0x00000000d5580000)
  object space 68608K, 12% used [0x0000000080000000,0x000000008080ce10,0x0000000084300000)
 Metaspace       used 18555K, committed 19200K, reserved 1114112K
  class space    used 1923K, committed 2176K, reserved 1048576K
}
Event: 61.271 GC heap before
{Heap before GC invocations=7 (full 0):
 PSYoungGen      total 30208K, used 27735K [0x00000000d5580000, 0x00000000d7980000, 0x0000000100000000)
  eden space 24576K, 90% used [0x00000000d5580000,0x00000000d6b50098,0x00000000d6d80000)
  from space 5632K, 95% used [0x00000000d7400000,0x00000000d7945d98,0x00000000d7980000)
  to   space 5632K, 0% used [0x00000000d6e80000,0x00000000d6e80000,0x00000000d7400000)
 ParOldGen       total 68608K, used 8243K [0x0000000080000000, 0x0000000084300000, 0x00000000d5580000)
  object space 68608K, 12% used [0x0000000080000000,0x000000008080ce10,0x0000000084300000)
 Metaspace       used 20763K, committed 21504K, reserved 1114112K
  class space    used 2174K, committed 2496K, reserved 1048576K
}
Event: 61.281 GC heap after
{Heap after GC invocations=7 (full 0):
 PSYoungGen      total 29184K, used 4377K [0x00000000d5580000, 0x00000000d7780000, 0x0000000100000000)
  eden space 24576K, 0% used [0x00000000d5580000,0x00000000d5580000,0x00000000d6d80000)
  from space 4608K, 95% used [0x00000000d6e80000,0x00000000d72c67b0,0x00000000d7300000)
  to   space 4608K, 0% used [0x00000000d7300000,0x00000000d7300000,0x00000000d7780000)
 ParOldGen       total 68608K, used 9760K [0x0000000080000000, 0x0000000084300000, 0x00000000d5580000)
  object space 68608K, 14% used [0x0000000080000000,0x0000000080988180,0x0000000084300000)
 Metaspace       used 20763K, committed 21504K, reserved 1114112K
  class space    used 2174K, committed 2496K, reserved 1048576K
}
Event: 61.281 GC heap before
{Heap before GC invocations=8 (full 1):
 PSYoungGen      total 29184K, used 4377K [0x00000000d5580000, 0x00000000d7780000, 0x0000000100000000)
  eden space 24576K, 0% used [0x00000000d5580000,0x00000000d5580000,0x00000000d6d80000)
  from space 4608K, 95% used [0x00000000d6e80000,0x00000000d72c67b0,0x00000000d7300000)
  to   space 4608K, 0% used [0x00000000d7300000,0x00000000d7300000,0x00000000d7780000)
 ParOldGen       total 68608K, used 9760K [0x0000000080000000, 0x0000000084300000, 0x00000000d5580000)
  object space 68608K, 14% used [0x0000000080000000,0x0000000080988180,0x0000000084300000)
 Metaspace       used 20763K, committed 21504K, reserved 1114112K
  class space    used 2174K, committed 2496K, reserved 1048576K
}
Event: 61.400 GC heap after
{Heap after GC invocations=8 (full 1):
 PSYoungGen      total 29184K, used 0K [0x00000000d5580000, 0x00000000d7780000, 0x0000000100000000)
  eden space 24576K, 0% used [0x00000000d5580000,0x00000000d5580000,0x00000000d6d80000)
  from space 4608K, 0% used [0x00000000d6e80000,0x00000000d6e80000,0x00000000d7300000)
  to   space 4608K, 0% used [0x00000000d7300000,0x00000000d7300000,0x00000000d7780000)
 ParOldGen       total 68608K, used 13295K [0x0000000080000000, 0x0000000084300000, 0x00000000d5580000)
  object space 68608K, 19% used [0x0000000080000000,0x0000000080cfbfb0,0x0000000084300000)
 Metaspace       used 20750K, committed 21504K, reserved 1114112K
  class space    used 2170K, committed 2496K, reserved 1048576K
}
Event: 61.806 GC heap before
{Heap before GC invocations=9 (full 1):
 PSYoungGen      total 29184K, used 24576K [0x00000000d5580000, 0x00000000d7780000, 0x0000000100000000)
  eden space 24576K, 100% used [0x00000000d5580000,0x00000000d6d80000,0x00000000d6d80000)
  from space 4608K, 0% used [0x00000000d6e80000,0x00000000d6e80000,0x00000000d7300000)
  to   space 4608K, 0% used [0x00000000d7300000,0x00000000d7300000,0x00000000d7780000)
 ParOldGen       total 68608K, used 13295K [0x0000000080000000, 0x0000000084300000, 0x00000000d5580000)
  object space 68608K, 19% used [0x0000000080000000,0x0000000080cfbfb0,0x0000000084300000)
 Metaspace       used 23291K, committed 24064K, reserved 1114112K
  class space    used 2339K, committed 2688K, reserved 1048576K
}
Event: 61.808 GC heap after
{Heap after GC invocations=9 (full 1):
 PSYoungGen      total 25088K, used 750K [0x00000000d5580000, 0x00000000d7400000, 0x0000000100000000)
  eden space 24064K, 0% used [0x00000000d5580000,0x00000000d5580000,0x00000000d6d00000)
  from space 1024K, 73% used [0x00000000d7300000,0x00000000d73bba00,0x00000000d7400000)
  to   space 2560K, 0% used [0x00000000d6f00000,0x00000000d6f00000,0x00000000d7180000)
 ParOldGen       total 68608K, used 13303K [0x0000000080000000, 0x0000000084300000, 0x00000000d5580000)
  object space 68608K, 19% used [0x0000000080000000,0x0000000080cfdfb0,0x0000000084300000)
 Metaspace       used 23291K, committed 24064K, reserved 1114112K
  class space    used 2339K, committed 2688K, reserved 1048576K
}
Event: 62.338 GC heap before
{Heap before GC invocations=10 (full 1):
 PSYoungGen      total 25088K, used 24814K [0x00000000d5580000, 0x00000000d7400000, 0x0000000100000000)
  eden space 24064K, 100% used [0x00000000d5580000,0x00000000d6d00000,0x00000000d6d00000)
  from space 1024K, 73% used [0x00000000d7300000,0x00000000d73bba00,0x00000000d7400000)
  to   space 2560K, 0% used [0x00000000d6f00000,0x00000000d6f00000,0x00000000d7180000)
 ParOldGen       total 68608K, used 13303K [0x0000000080000000, 0x0000000084300000, 0x00000000d5580000)
  object space 68608K, 19% used [0x0000000080000000,0x0000000080cfdfb0,0x0000000084300000)
 Metaspace       used 26667K, committed 27456K, reserved 1114112K
  class space    used 2617K, committed 2944K, reserved 1048576K
}
Event: 62.342 GC heap after
{Heap after GC invocations=10 (full 1):
 PSYoungGen      total 26112K, used 2545K [0x00000000d5580000, 0x00000000d7380000, 0x0000000100000000)
  eden space 23552K, 0% used [0x00000000d5580000,0x00000000d5580000,0x00000000d6c80000)
  from space 2560K, 99% used [0x00000000d6f00000,0x00000000d717c428,0x00000000d7180000)
  to   space 2048K, 0% used [0x00000000d7180000,0x00000000d7180000,0x00000000d7380000)
 ParOldGen       total 68608K, used 13319K [0x0000000080000000, 0x0000000084300000, 0x00000000d5580000)
  object space 68608K, 19% used [0x0000000080000000,0x0000000080d01fb0,0x0000000084300000)
 Metaspace       used 26667K, committed 27456K, reserved 1114112K
  class space    used 2617K, committed 2944K, reserved 1048576K
}

Dll operation events (10 events):
Event: 0.504 Loaded shared library c:\Users\dttsi\.vscode\extensions\redhat.java-1.44.0-win32-x64\jre\21.0.8-win32-x86_64\bin\java.dll
Event: 0.784 Loaded shared library c:\Users\dttsi\.vscode\extensions\redhat.java-1.44.0-win32-x64\jre\21.0.8-win32-x86_64\bin\zip.dll
Event: 0.825 Loaded shared library C:\Users\dttsi\.vscode\extensions\redhat.java-1.44.0-win32-x64\jre\21.0.8-win32-x86_64\bin\instrument.dll
Event: 0.850 Loaded shared library C:\Users\dttsi\.vscode\extensions\redhat.java-1.44.0-win32-x64\jre\21.0.8-win32-x86_64\bin\net.dll
Event: 0.922 Loaded shared library C:\Users\dttsi\.vscode\extensions\redhat.java-1.44.0-win32-x64\jre\21.0.8-win32-x86_64\bin\nio.dll
Event: 0.958 Loaded shared library C:\Users\dttsi\.vscode\extensions\redhat.java-1.44.0-win32-x64\jre\21.0.8-win32-x86_64\bin\zip.dll
Event: 1.252 Loaded shared library C:\Users\dttsi\.vscode\extensions\redhat.java-1.44.0-win32-x64\jre\21.0.8-win32-x86_64\bin\jimage.dll
Event: 1.872 Loaded shared library c:\Users\dttsi\.vscode\extensions\redhat.java-1.44.0-win32-x64\jre\21.0.8-win32-x86_64\bin\verify.dll
Event: 19.708 Loaded shared library C:\Users\dttsi\AppData\Roaming\Code\User\globalStorage\redhat.java\1.44.0\config_win\org.eclipse.equinox.launcher\org.eclipse.equinox.launcher.win32.win32.x86_64_1.2.1400.v20250730-1736\eclipse_11913.dll
Event: 59.478 Loaded shared library C:\Users\dttsi\AppData\Local\Temp\jna-99748\jna15760644741894233438.dll

Deoptimization events (20 events):
Event: 62.364 Thread 0x000001dd13a8f8f0 DEOPT PACKING pc=0x000001dcbfe1ca38 sp=0x000000ba0bdfe430
Event: 62.364 Thread 0x000001dd13a8f8f0 DEOPT UNPACKING pc=0x000001dcbf6f3aa2 sp=0x000000ba0bdfe3b8 mode 2
Event: 62.364 Thread 0x000001dd13a8f8f0 Uncommon trap: trap_request=0xffffffde fr.pc=0x000001dcbfe1ca38 relative=0x00000000000000f8
Event: 62.364 Thread 0x000001dd13a8f8f0 Uncommon trap: reason=class_check action=maybe_recompile pc=0x000001dcbfe1ca38 method=java.lang.Character.codePointAt(Ljava/lang/CharSequence;I)I @ 2 c2
Event: 62.364 Thread 0x000001dd13a8f8f0 DEOPT PACKING pc=0x000001dcbfe1ca38 sp=0x000000ba0bdfe430
Event: 62.364 Thread 0x000001dd13a8f8f0 DEOPT UNPACKING pc=0x000001dcbf6f3aa2 sp=0x000000ba0bdfe3b8 mode 2
Event: 62.364 Thread 0x000001dd13a8f8f0 Uncommon trap: trap_request=0xffffffde fr.pc=0x000001dcbfe1ca38 relative=0x00000000000000f8
Event: 62.364 Thread 0x000001dd13a8f8f0 Uncommon trap: reason=class_check action=maybe_recompile pc=0x000001dcbfe1ca38 method=java.lang.Character.codePointAt(Ljava/lang/CharSequence;I)I @ 2 c2
Event: 62.364 Thread 0x000001dd13a8f8f0 DEOPT PACKING pc=0x000001dcbfe1ca38 sp=0x000000ba0bdfe430
Event: 62.364 Thread 0x000001dd13a8f8f0 DEOPT UNPACKING pc=0x000001dcbf6f3aa2 sp=0x000000ba0bdfe3b8 mode 2
Event: 62.364 Thread 0x000001dd13a8f8f0 Uncommon trap: trap_request=0xffffff76 fr.pc=0x000001dcbfdf3e80 relative=0x0000000000000380
Event: 62.364 Thread 0x000001dd13a8f8f0 Uncommon trap: reason=predicate action=maybe_recompile pc=0x000001dcbfdf3e80 method=java.util.regex.Pattern$BmpCharPropertyGreedy.match(Ljava/util/regex/Matcher;ILjava/lang/CharSequence;)Z @ 12 c2
Event: 62.364 Thread 0x000001dd13a8f8f0 DEOPT PACKING pc=0x000001dcbfdf3e80 sp=0x000000ba0bdfe370
Event: 62.364 Thread 0x000001dd13a8f8f0 DEOPT UNPACKING pc=0x000001dcbf6f3aa2 sp=0x000000ba0bdfe318 mode 2
Event: 62.425 Thread 0x000001dd13a8deb0 Uncommon trap: trap_request=0xffffff45 fr.pc=0x000001dcbfcb0fa8 relative=0x0000000000000108
Event: 62.425 Thread 0x000001dd13a8deb0 Uncommon trap: reason=unstable_if action=reinterpret pc=0x000001dcbfcb0fa8 method=jdk.internal.org.objectweb.asm.ByteVector.putShort(I)Ljdk/internal/org/objectweb/asm/ByteVector; @ 13 c2
Event: 62.425 Thread 0x000001dd13a8deb0 DEOPT PACKING pc=0x000001dcbfcb0fa8 sp=0x000000ba0befd610
Event: 62.425 Thread 0x000001dd13a8deb0 DEOPT UNPACKING pc=0x000001dcbf6f3aa2 sp=0x000000ba0befd5a8 mode 2
Event: 63.508 Thread 0x000001dd1306abc0 DEOPT PACKING pc=0x000001dcb8223bb9 sp=0x000000ba0b6f4710
Event: 63.508 Thread 0x000001dd1306abc0 DEOPT UNPACKING pc=0x000001dcbf6f4242 sp=0x000000ba0b6f3c10 mode 0

Classes loaded (20 events):
Event: 62.308 Loading class java/lang/invoke/MethodHandleImpl$Makers$1
Event: 62.309 Loading class java/lang/invoke/MethodHandleImpl$Makers$1 done
Event: 62.309 Loading class java/lang/invoke/MethodHandleImpl$Makers$2
Event: 62.309 Loading class java/lang/invoke/MethodHandleImpl$Makers$2 done
Event: 62.309 Loading class java/lang/invoke/MethodHandleImpl$Makers$3
Event: 62.309 Loading class java/lang/invoke/MethodHandleImpl$Makers$3 done
Event: 62.318 Loading class java/lang/runtime/ObjectMethods$1
Event: 62.319 Loading class java/lang/runtime/ObjectMethods$1 done
Event: 62.363 Loading class java/io/FileReader
Event: 62.363 Loading class java/io/FileReader done
Event: 62.422 Loading class java/lang/invoke/MethodHandleImpl$CountingWrapper
Event: 62.423 Loading class java/lang/invoke/MethodHandleImpl$CountingWrapper done
Event: 62.424 Loading class java/util/concurrent/atomic/AtomicReferenceFieldUpdater
Event: 62.426 Loading class java/util/concurrent/atomic/AtomicReferenceFieldUpdater done
Event: 62.426 Loading class java/util/concurrent/atomic/AtomicReferenceFieldUpdater$AtomicReferenceFieldUpdaterImpl
Event: 62.426 Loading class java/util/concurrent/atomic/AtomicReferenceFieldUpdater$AtomicReferenceFieldUpdaterImpl done
Event: 62.426 Loading class java/util/concurrent/atomic/AtomicReferenceFieldUpdater$AtomicReferenceFieldUpdaterImpl$1
Event: 62.426 Loading class java/util/concurrent/atomic/AtomicReferenceFieldUpdater$AtomicReferenceFieldUpdaterImpl$1 done
Event: 63.525 Loading class java/io/FilterReader
Event: 63.525 Loading class java/io/FilterReader done

Classes unloaded (7 events):
Event: 61.291 Thread 0x000001dccba055a0 Unloading class 0x000001dccd1a9800 'java/lang/invoke/LambdaForm$MH+0x000001dccd1a9800'
Event: 61.291 Thread 0x000001dccba055a0 Unloading class 0x000001dccd1a9400 'java/lang/invoke/LambdaForm$MH+0x000001dccd1a9400'
Event: 61.291 Thread 0x000001dccba055a0 Unloading class 0x000001dccd1a9000 'java/lang/invoke/LambdaForm$MH+0x000001dccd1a9000'
Event: 61.291 Thread 0x000001dccba055a0 Unloading class 0x000001dccd1a8c00 'java/lang/invoke/LambdaForm$MH+0x000001dccd1a8c00'
Event: 61.291 Thread 0x000001dccba055a0 Unloading class 0x000001dccd1a8800 'java/lang/invoke/LambdaForm$BMH+0x000001dccd1a8800'
Event: 61.291 Thread 0x000001dccba055a0 Unloading class 0x000001dccd1a8400 'java/lang/invoke/LambdaForm$DMH+0x000001dccd1a8400'
Event: 61.291 Thread 0x000001dccba055a0 Unloading class 0x000001dccd1a3000 'java/lang/invoke/LambdaForm$DMH+0x000001dccd1a3000'

Classes redefined (0 events):
No events

Internal exceptions (20 events):
Event: 61.497 Thread 0x000001dd1306abc0 Exception <a 'java/lang/NoSuchMethodError'{0x00000000d5842a20}: 'double java.lang.invoke.DirectMethodHandle$Holder.invokeStatic(java.lang.Object, java.lang.Object)'> (0x00000000d5842a20) 
thrown [s\src\hotspot\share\interpreter\linkResolver.cpp, line 773]
Event: 61.499 Thread 0x000001dd1306abc0 Exception <a 'java/lang/NoSuchMethodError'{0x00000000d58460b0}: 'double java.lang.invoke.DirectMethodHandle$Holder.invokeStaticInit(java.lang.Object, java.lang.Object)'> (0x00000000d58460b0) 
thrown [s\src\hotspot\share\interpreter\linkResolver.cpp, line 773]
Event: 61.701 Thread 0x000001dd1306abc0 Exception <a 'java/io/FileNotFoundException'{0x00000000d68f7830}> (0x00000000d68f7830) 
thrown [s\src\hotspot\share\prims\jni.cpp, line 520]
Event: 61.701 Thread 0x000001dd1306abc0 Exception <a 'java/io/FileNotFoundException'{0x00000000d68f8660}> (0x00000000d68f8660) 
thrown [s\src\hotspot\share\prims\jni.cpp, line 520]
Event: 61.701 Thread 0x000001dd1306abc0 Exception <a 'java/io/FileNotFoundException'{0x00000000d68f9598}> (0x00000000d68f9598) 
thrown [s\src\hotspot\share\prims\jni.cpp, line 520]
Event: 62.304 Thread 0x000001dd13a8f8f0 Exception <a 'java/lang/NoSuchMethodError'{0x00000000d6a269c8}: 'java.lang.Object java.lang.invoke.DirectMethodHandle$Holder.invokeStaticInit(java.lang.Object, java.lang.Object, java.lang.Object, java.lang.Object, java.lang.Object, java.lang.Object, java.lang.Object)'> (0x00000000d6a269c8) 
thrown [s\src\hotspot\share\interpreter\linkResolver.cpp, line 773]
Event: 62.306 Thread 0x000001dd13a8f8f0 Exception <a 'java/lang/NoSuchMethodError'{0x00000000d6a2b3e0}: 'java.lang.Object java.lang.invoke.Invokers$Holder.invoke_MT(java.lang.Object, java.lang.Object, java.lang.Object, java.lang.Object, java.lang.Object, java.lang.Object, java.lang.Object, java.lang.Object, java.lang.Object)'> (0x00000000d6a2b3e0) 
thrown [s\src\hotspot\share\interpreter\linkResolver.cpp, line 773]
Event: 62.319 Thread 0x000001dd13a8f8f0 Exception <a 'java/lang/NoSuchMethodError'{0x00000000d6c74d10}: 'int java.lang.invoke.DirectMethodHandle$Holder.invokeVirtual(java.lang.Object, java.lang.Object, java.lang.Object)'> (0x00000000d6c74d10) 
thrown [s\src\hotspot\share\interpreter\linkResolver.cpp, line 773]
Event: 62.320 Thread 0x000001dd13a8f8f0 Exception <a 'java/lang/NoSuchMethodError'{0x00000000d6c78c88}: 'int java.lang.invoke.DirectMethodHandle$Holder.invokeStaticInit(java.lang.Object, int, int)'> (0x00000000d6c78c88) 
thrown [s\src\hotspot\share\interpreter\linkResolver.cpp, line 773]
Event: 62.323 Thread 0x000001dd13a8f8f0 Exception <a 'java/lang/NoSuchMethodError'{0x00000000d6c802b8}: 'int java.lang.invoke.DirectMethodHandle$Holder.invokeStaticInit(java.lang.Object, long, long)'> (0x00000000d6c802b8) 
thrown [s\src\hotspot\share\interpreter\linkResolver.cpp, line 773]
Event: 62.325 Thread 0x000001dd13a8f8f0 Exception <a 'java/lang/NoSuchMethodError'{0x00000000d6c86eb8}: 'int java.lang.invoke.DirectMethodHandle$Holder.invokeStaticInit(java.lang.Object, float, float)'> (0x00000000d6c86eb8) 
thrown [s\src\hotspot\share\interpreter\linkResolver.cpp, line 773]
Event: 62.327 Thread 0x000001dd13a8f8f0 Exception <a 'java/lang/NoSuchMethodError'{0x00000000d6c909f0}: 'int java.lang.invoke.DirectMethodHandle$Holder.invokeStaticInit(java.lang.Object, double, double)'> (0x00000000d6c909f0) 
thrown [s\src\hotspot\share\interpreter\linkResolver.cpp, line 773]
Event: 62.327 Thread 0x000001dd13a8f8f0 Exception <a 'java/lang/NoSuchMethodError'{0x00000000d6c95060}: 'int java.lang.invoke.DirectMethodHandle$Holder.invokeStatic(java.lang.Object, long)'> (0x00000000d6c95060) 
thrown [s\src\hotspot\share\interpreter\linkResolver.cpp, line 773]
Event: 62.333 Thread 0x000001dd13a8f8f0 Exception <a 'java/lang/NoSuchMethodError'{0x00000000d6cc3ef8}: 'int java.lang.invoke.Invokers$Holder.linkToTargetMethod(java.lang.Object, java.lang.Object)'> (0x00000000d6cc3ef8) 
thrown [s\src\hotspot\share\interpreter\linkResolver.cpp, line 773]
Event: 62.399 Thread 0x000001dd13a8f8f0 Exception <a 'java/lang/NoSuchMethodError'{0x00000000d58b5718}: 'java.lang.Object java.lang.invoke.DirectMethodHandle$Holder.invokeSpecialIFC(java.lang.Object, java.lang.Object, java.lang.Object, java.lang.Object)'> (0x00000000d58b5718) 
thrown [s\src\hotspot\share\interpreter\linkResolver.cpp, line 773]
Event: 62.413 Thread 0x000001dd1306abc0 Exception <a 'java/io/FileNotFoundException'{0x00000000d60d9c08}> (0x00000000d60d9c08) 
thrown [s\src\hotspot\share\prims\jni.cpp, line 520]
Event: 62.420 Thread 0x000001dd13a8deb0 Exception <a 'java/lang/NoSuchMethodError'{0x00000000d6189e48}: 'int java.lang.invoke.DirectMethodHandle$Holder.invokeSpecial(java.lang.Object, java.lang.Object, java.lang.Object, java.lang.Object)'> (0x00000000d6189e48) 
thrown [s\src\hotspot\share\interpreter\linkResolver.cpp, line 773]
Event: 62.422 Thread 0x000001dd13a8deb0 Exception <a 'java/lang/NoSuchMethodError'{0x00000000d61b24c8}: 'java.lang.Object java.lang.invoke.DirectMethodHandle$Holder.invokeStatic(java.lang.Object, int, java.lang.Object, java.lang.Object)'> (0x00000000d61b24c8) 
thrown [s\src\hotspot\share\interpreter\linkResolver.cpp, line 773]
Event: 62.422 Thread 0x000001dd13a8deb0 Exception <a 'java/lang/NoSuchMethodError'{0x00000000d61b5f48}: 'java.lang.Object java.lang.invoke.DelegatingMethodHandle$Holder.delegate(java.lang.Object, int, java.lang.Object, java.lang.Object)'> (0x00000000d61b5f48) 
thrown [s\src\hotspot\share\interpreter\linkResolver.cpp, line 773]
Event: 62.426 Thread 0x000001dd13a8deb0 Exception <a 'java/lang/NoSuchMethodError'{0x00000000d61daac8}: 'int java.lang.invoke.Invokers$Holder.linkToTargetMethod(java.lang.Object, java.lang.Object, java.lang.Object)'> (0x00000000d61daac8) 
thrown [s\src\hotspot\share\interpreter\linkResolver.cpp, line 773]

ZGC Phase Switch (0 events):
No events

VM Operations (20 events):
Event: 60.151 Executing VM operation: HandshakeAllThreads (Deoptimize) done
Event: 60.163 Executing VM operation: HandshakeAllThreads (Deoptimize)
Event: 60.163 Executing VM operation: HandshakeAllThreads (Deoptimize) done
Event: 60.282 Executing VM operation: ParallelGCFailedAllocation (Allocation Failure)
Event: 60.287 Executing VM operation: ParallelGCFailedAllocation (Allocation Failure) done
Event: 60.714 Executing VM operation: HandshakeAllThreads (HandshakeForDeflation)
Event: 60.714 Executing VM operation: HandshakeAllThreads (HandshakeForDeflation) done
Event: 60.714 Executing VM operation: RendezvousGCThreads
Event: 60.714 Executing VM operation: RendezvousGCThreads done
Event: 60.871 Executing VM operation: HandshakeAllThreads (Deoptimize)
Event: 60.871 Executing VM operation: HandshakeAllThreads (Deoptimize) done
Event: 61.270 Executing VM operation: CollectForMetadataAllocation (Metadata GC Threshold)
Event: 61.400 Executing VM operation: CollectForMetadataAllocation (Metadata GC Threshold) done
Event: 61.806 Executing VM operation: ParallelGCFailedAllocation (Allocation Failure)
Event: 61.808 Executing VM operation: ParallelGCFailedAllocation (Allocation Failure) done
Event: 62.338 Executing VM operation: ParallelGCFailedAllocation (Allocation Failure)
Event: 62.342 Executing VM operation: ParallelGCFailedAllocation (Allocation Failure) done
Event: 62.345 Executing VM operation: HandshakeAllThreads (Deoptimize)
Event: 62.347 Executing VM operation: HandshakeAllThreads (Deoptimize) done
Event: 63.347 Executing VM operation: Cleanup

Memory protections (0 events):
No events

Nmethod flushes (0 events):
No events

Events (20 events):
Event: 19.669 Thread 0x000001dcb4f7daf0 Thread added: 0x000001dd1300d260
Event: 19.773 Thread 0x000001dd1300d260 Thread added: 0x000001dd1306a190
Event: 19.783 Thread 0x000001dcb4f7daf0 Thread added: 0x000001dd1306abc0
Event: 20.158 Thread 0x000001dd0e9d8ea0 Thread added: 0x000001dd13937220
Event: 20.162 Thread 0x000001dd0e9d8ea0 Thread added: 0x000001dd139378c0
Event: 20.788 Thread 0x000001dd139378c0 Thread exited: 0x000001dd139378c0
Event: 21.804 Thread 0x000001dd13937220 Thread exited: 0x000001dd13937220
Event: 28.595 Thread 0x000001dd1306abc0 Thread added: 0x000001dd13ad4e00
Event: 37.233 Thread 0x000001dd1306abc0 Thread added: 0x000001dd13a0d2d0
Event: 37.485 Thread 0x000001dd1306abc0 Thread added: 0x000001dd13a8ff80
Event: 39.035 Thread 0x000001dd1306abc0 Thread added: 0x000001dd13a90610
Event: 43.702 Thread 0x000001dd13a8ff80 Thread exited: 0x000001dd13a8ff80
Event: 59.597 Thread 0x000001dd1306abc0 Thread added: 0x000001dd13a91330
Event: 59.769 Thread 0x000001dd1306abc0 Thread added: 0x000001dd13a8f8f0
Event: 59.841 Thread 0x000001dd1306abc0 Thread added: 0x000001dd13a8deb0
Event: 59.842 Thread 0x000001dd1306abc0 Thread added: 0x000001dd13a8ebd0
Event: 59.857 Thread 0x000001dd0e9d8ea0 Thread added: 0x000001dd13bed7a0
Event: 61.026 Thread 0x000001dd13bed7a0 Thread exited: 0x000001dd13bed7a0
Event: 62.411 Thread 0x000001dd13a8deb0 Thread added: 0x000001dd13a8f260
Event: 64.562 Thread 0x000001dd13a8f260 Thread added: 0x000001dd13a8ff80


Dynamic libraries:
0x00007ff6d7af0000 - 0x00007ff6d7afe000 	c:\Users\dttsi\.vscode\extensions\redhat.java-1.44.0-win32-x64\jre\21.0.8-win32-x86_64\bin\java.exe
0x00007ffd82880000 - 0x00007ffd82ae7000 	C:\WINDOWS\SYSTEM32\ntdll.dll
0x00007ffd81930000 - 0x00007ffd819f9000 	C:\WINDOWS\System32\KERNEL32.DLL
0x00007ffd7f9b0000 - 0x00007ffd7fda0000 	C:\WINDOWS\System32\KERNELBASE.dll
0x00007ffd80410000 - 0x00007ffd8055b000 	C:\WINDOWS\System32\ucrtbase.dll
0x00007ffd531d0000 - 0x00007ffd531e8000 	c:\Users\dttsi\.vscode\extensions\redhat.java-1.44.0-win32-x64\jre\21.0.8-win32-x86_64\bin\jli.dll
0x00007ffd80670000 - 0x00007ffd80835000 	C:\WINDOWS\System32\USER32.dll
0x00007ffd803e0000 - 0x00007ffd80407000 	C:\WINDOWS\System32\win32u.dll
0x00007ffd81b50000 - 0x00007ffd81b7b000 	C:\WINDOWS\System32\GDI32.dll
0x00007ffd7ffc0000 - 0x00007ffd800f8000 	C:\WINDOWS\System32\gdi32full.dll
0x00007ffd80560000 - 0x00007ffd80603000 	C:\WINDOWS\System32\msvcp_win.dll
0x00007ffd53300000 - 0x00007ffd5331e000 	c:\Users\dttsi\.vscode\extensions\redhat.java-1.44.0-win32-x64\jre\21.0.8-win32-x86_64\bin\VCRUNTIME140.dll
0x00007ffd61f10000 - 0x00007ffd621aa000 	C:\WINDOWS\WinSxS\amd64_microsoft.windows.common-controls_6595b64144ccf1df_6.0.26100.4768_none_3e0c112ce331287c\COMCTL32.dll
0x00007ffd826e0000 - 0x00007ffd82789000 	C:\WINDOWS\System32\msvcrt.dll
0x00007ffd81ac0000 - 0x00007ffd81aef000 	C:\WINDOWS\System32\IMM32.DLL
0x00007ffd6e130000 - 0x00007ffd6e13c000 	c:\Users\dttsi\.vscode\extensions\redhat.java-1.44.0-win32-x64\jre\21.0.8-win32-x86_64\bin\vcruntime140_1.dll
0x00007ffd1f800000 - 0x00007ffd1f88d000 	c:\Users\dttsi\.vscode\extensions\redhat.java-1.44.0-win32-x64\jre\21.0.8-win32-x86_64\bin\msvcp140.dll
0x00007ffce1030000 - 0x00007ffce1dc7000 	c:\Users\dttsi\.vscode\extensions\redhat.java-1.44.0-win32-x64\jre\21.0.8-win32-x86_64\bin\server\jvm.dll
0x00007ffd81450000 - 0x00007ffd81504000 	C:\WINDOWS\System32\ADVAPI32.dll
0x00007ffd80a10000 - 0x00007ffd80ab6000 	C:\WINDOWS\System32\sechost.dll
0x00007ffd808f0000 - 0x00007ffd80a08000 	C:\WINDOWS\System32\RPCRT4.dll
0x00007ffd82450000 - 0x00007ffd824c4000 	C:\WINDOWS\System32\WS2_32.dll
0x00007ffd7f830000 - 0x00007ffd7f88e000 	C:\WINDOWS\SYSTEM32\POWRPROF.dll
0x00007ffd76b70000 - 0x00007ffd76b7b000 	C:\WINDOWS\SYSTEM32\VERSION.dll
0x00007ffd75d90000 - 0x00007ffd75dc5000 	C:\WINDOWS\SYSTEM32\WINMM.dll
0x00007ffd7f810000 - 0x00007ffd7f824000 	C:\WINDOWS\SYSTEM32\UMPDC.dll
0x00007ffd7e710000 - 0x00007ffd7e72b000 	C:\WINDOWS\SYSTEM32\kernel.appcore.dll
0x00007ffd6e0a0000 - 0x00007ffd6e0aa000 	c:\Users\dttsi\.vscode\extensions\redhat.java-1.44.0-win32-x64\jre\21.0.8-win32-x86_64\bin\jimage.dll
0x00007ffd7c8e0000 - 0x00007ffd7cb21000 	C:\WINDOWS\SYSTEM32\DBGHELP.DLL
0x00007ffd81520000 - 0x00007ffd818a5000 	C:\WINDOWS\System32\combase.dll
0x00007ffd80ac0000 - 0x00007ffd80ba0000 	C:\WINDOWS\System32\OLEAUT32.dll
0x00007ffd4bc70000 - 0x00007ffd4bcb3000 	C:\WINDOWS\SYSTEM32\dbgcore.DLL
0x00007ffd80100000 - 0x00007ffd80199000 	C:\WINDOWS\System32\bcryptPrimitives.dll
0x00007ffd6d850000 - 0x00007ffd6d85f000 	c:\Users\dttsi\.vscode\extensions\redhat.java-1.44.0-win32-x64\jre\21.0.8-win32-x86_64\bin\instrument.dll
0x00007ffd52970000 - 0x00007ffd5298f000 	c:\Users\dttsi\.vscode\extensions\redhat.java-1.44.0-win32-x64\jre\21.0.8-win32-x86_64\bin\java.dll
0x00007ffd81d00000 - 0x00007ffd8244d000 	C:\WINDOWS\System32\SHELL32.dll
0x00007ffd80260000 - 0x00007ffd803d3000 	C:\WINDOWS\System32\wintypes.dll
0x00007ffd7d560000 - 0x00007ffd7ddbf000 	C:\WINDOWS\SYSTEM32\windows.storage.dll
0x00007ffd825e0000 - 0x00007ffd826d5000 	C:\WINDOWS\System32\SHCORE.dll
0x00007ffd81040000 - 0x00007ffd810aa000 	C:\WINDOWS\System32\shlwapi.dll
0x00007ffd7f8d0000 - 0x00007ffd7f8f9000 	C:\WINDOWS\SYSTEM32\profapi.dll
0x00007ffd525d0000 - 0x00007ffd525e8000 	c:\Users\dttsi\.vscode\extensions\redhat.java-1.44.0-win32-x64\jre\21.0.8-win32-x86_64\bin\zip.dll
0x00007ffd6d950000 - 0x00007ffd6d960000 	C:\Users\dttsi\.vscode\extensions\redhat.java-1.44.0-win32-x64\jre\21.0.8-win32-x86_64\bin\net.dll
0x00007ffd77250000 - 0x00007ffd7736e000 	C:\WINDOWS\SYSTEM32\WINHTTP.dll
0x00007ffd7ecc0000 - 0x00007ffd7ed2b000 	C:\WINDOWS\system32\mswsock.dll
0x00007ffd51480000 - 0x00007ffd51496000 	C:\Users\dttsi\.vscode\extensions\redhat.java-1.44.0-win32-x64\jre\21.0.8-win32-x86_64\bin\nio.dll
0x00007ffd751e0000 - 0x00007ffd751f0000 	c:\Users\dttsi\.vscode\extensions\redhat.java-1.44.0-win32-x64\jre\21.0.8-win32-x86_64\bin\verify.dll
0x00007ffd45cf0000 - 0x00007ffd45d35000 	C:\Users\dttsi\AppData\Roaming\Code\User\globalStorage\redhat.java\1.44.0\config_win\org.eclipse.equinox.launcher\org.eclipse.equinox.launcher.win32.win32.x86_64_1.2.1400.v20250730-1736\eclipse_11913.dll
0x00007ffd810b0000 - 0x00007ffd81250000 	C:\WINDOWS\System32\ole32.dll
0x00007ffd7ef80000 - 0x00007ffd7ef9b000 	C:\WINDOWS\SYSTEM32\CRYPTSP.dll
0x00007ffd7e670000 - 0x00007ffd7e6ab000 	C:\WINDOWS\system32\rsaenh.dll
0x00007ffd7ed60000 - 0x00007ffd7ed8b000 	C:\WINDOWS\SYSTEM32\USERENV.dll
0x00007ffd7f8a0000 - 0x00007ffd7f8c6000 	C:\WINDOWS\SYSTEM32\bcrypt.dll
0x00007ffd7efa0000 - 0x00007ffd7efac000 	C:\WINDOWS\SYSTEM32\CRYPTBASE.dll
0x00007ffd7e0e0000 - 0x00007ffd7e113000 	C:\WINDOWS\SYSTEM32\IPHLPAPI.DLL
0x00007ffd808e0000 - 0x00007ffd808ea000 	C:\WINDOWS\System32\NSI.dll
0x00007ffd45ec0000 - 0x00007ffd45f09000 	C:\Users\dttsi\AppData\Local\Temp\jna-99748\jna15760644741894233438.dll
0x00007ffd81b80000 - 0x00007ffd81b88000 	C:\WINDOWS\System32\PSAPI.DLL

JVMTI agents:
c:\Users\dttsi\.vscode\extensions\redhat.java-1.44.0-win32-x64\lombok\lombok-1.18.39-4050.jar path:c:\Users\dttsi\.vscode\extensions\redhat.java-1.44.0-win32-x64\jre\21.0.8-win32-x86_64\bin\instrument.dll, loaded, initialized, instrumentlib options:none

dbghelp: loaded successfully - version: 4.0.5 - missing functions: none
symbol engine: initialized successfully - sym options: 0x614 - pdb path: .;c:\Users\dttsi\.vscode\extensions\redhat.java-1.44.0-win32-x64\jre\21.0.8-win32-x86_64\bin;C:\WINDOWS\SYSTEM32;C:\WINDOWS\WinSxS\amd64_microsoft.windows.common-controls_6595b64144ccf1df_6.0.26100.4768_none_3e0c112ce331287c;c:\Users\dttsi\.vscode\extensions\redhat.java-1.44.0-win32-x64\jre\21.0.8-win32-x86_64\bin\server;C:\Users\dttsi\AppData\Roaming\Code\User\globalStorage\redhat.java\1.44.0\config_win\org.eclipse.equinox.launcher\org.eclipse.equinox.launcher.win32.win32.x86_64_1.2.1400.v20250730-1736;C:\Users\dttsi\AppData\Local\Temp\jna-99748

VM Arguments:
jvm_args: --add-modules=ALL-SYSTEM --add-opens=java.base/java.util=ALL-UNNAMED --add-opens=java.base/java.lang=ALL-UNNAMED --add-opens=java.base/sun.nio.fs=ALL-UNNAMED -Declipse.application=org.eclipse.jdt.ls.core.id1 -Dosgi.bundles.defaultStartLevel=4 -Declipse.product=org.eclipse.jdt.ls.core.product -Djava.import.generatesMetadataFilesAtProjectRoot=false -DDetectVMInstallationsJob.disabled=true -Dfile.encoding=utf8 -XX:+UseParallelGC -XX:GCTimeRatio=4 -XX:AdaptiveSizePolicyWeight=90 -Dsun.zip.disableMemoryMapping=true -Xmx2G -Xms100m -Xlog:disable -javaagent:c:\Users\dttsi\.vscode\extensions\redhat.java-1.44.0-win32-x64\lombok\lombok-1.18.39-4050.jar -XX:+HeapDumpOnOutOfMemoryError -XX:HeapDumpPath=c:\Users\dttsi\AppData\Roaming\Code\User\workspaceStorage\5330bde7bc9423cf7c822adc1687a396\redhat.java -Daether.dependencyCollector.impl=bf 
java_command: c:\Users\dttsi\.vscode\extensions\redhat.java-1.44.0-win32-x64\server\plugins\org.eclipse.equinox.launcher_1.7.0.v20250519-0528.jar -configuration c:\Users\dttsi\AppData\Roaming\Code\User\globalStorage\redhat.java\1.44.0\config_win -data c:\Users\dttsi\AppData\Roaming\Code\User\workspaceStorage\5330bde7bc9423cf7c822adc1687a396\redhat.java\jdt_ws --pipe=\\.\pipe\lsp-77802587a3a584942c265ddbb843df9f-sock
java_class_path (initial): c:\Users\dttsi\.vscode\extensions\redhat.java-1.44.0-win32-x64\server\plugins\org.eclipse.equinox.launcher_1.7.0.v20250519-0528.jar
Launcher Type: SUN_STANDARD

[Global flags]
    uintx AdaptiveSizePolicyWeight                 = 90                                        {product} {command line}
     intx CICompilerCount                          = 4                                         {product} {ergonomic}
    uintx GCTimeRatio                              = 4                                         {product} {command line}
     bool HeapDumpOnOutOfMemoryError               = true                                   {manageable} {command line}
    ccstr HeapDumpPath                             = c:\Users\dttsi\AppData\Roaming\Code\User\workspaceStorage\5330bde7bc9423cf7c822adc1687a396\redhat.java         {manageable} {command line}
   size_t InitialHeapSize                          = 104857600                                 {product} {command line}
   size_t MaxHeapSize                              = 2147483648                                {product} {command line}
   size_t MaxNewSize                               = 715653120                                 {product} {ergonomic}
   size_t MinHeapDeltaBytes                        = 524288                                    {product} {ergonomic}
   size_t MinHeapSize                              = 104857600                                 {product} {command line}
   size_t NewSize                                  = 34603008                                  {product} {ergonomic}
    uintx NonNMethodCodeHeapSize                   = 5839372                                {pd product} {ergonomic}
    uintx NonProfiledCodeHeapSize                  = 122909434                              {pd product} {ergonomic}
   size_t OldSize                                  = 70254592                                  {product} {ergonomic}
    uintx ProfiledCodeHeapSize                     = 122909434                              {pd product} {ergonomic}
    uintx ReservedCodeCacheSize                    = 251658240                              {pd product} {ergonomic}
     bool SegmentedCodeCache                       = true                                      {product} {ergonomic}
   size_t SoftMaxHeapSize                          = 2147483648                             {manageable} {ergonomic}
     bool UseCompressedOops                        = true                           {product lp64_product} {ergonomic}
     bool UseLargePagesIndividualAllocation        = false                                  {pd product} {ergonomic}
     bool UseParallelGC                            = true                                      {product} {command line}

Logging:
Log output configuration:
 #0: stdout all=off uptime,level,tags foldmultilines=false
 #1: stderr all=off uptime,level,tags foldmultilines=false

Environment Variables:
JAVA_HOME=C:\Program Files\Eclipse Adoptium\jdk-21.0.7.6-hotspot
PATH=C:\Program Files\Common Files\Oracle\Java\javapath;C:\Program Files\Eclipse Adoptium\jdk-17.0.15.6-hotspot\bin;C:\Program Files\Eclipse Adoptium\jdk-21.0.7.6-hotspot\bin;C:\WINDOWS\system32;C:\WINDOWS;C:\WINDOWS\System32\Wbem;C:\WINDOWS\System32\WindowsPowerShell\v1.0\;C:\WINDOWS\System32\OpenSSH\;C:\Program Files\Git\cmd;C:\Program Files\dotnet\;C:\ProgramData\chocolatey\bin;C:\Program Files\nodejs\;C:\Users\dttsi\AppData\Local\Programs\Python\Python38;C:\Users\dttsi\AppData\Local\Programs\Python\Python38\Scripts;C:\Program Files\CMake\bin;C:\Program Files\Void\bin;C:\Program Files\Docker\Docker\resources\bin;C:\Program Files\Eclipse Adoptium\jdk-21.0.7.6-hotspot\bin;C:\Program Files (x86)\Windows Kits\10\Windows Performance Toolkit\;C:\Users\dttsi\AppData\Local\Android\Sdk\platform-tools;C:\Users\dttsi\AppData\Local\Pub\Cache\bin;;c:\Users\dttsi\AppData\Local\Programs\cursor\resources\app\bin;C:\Users\dttsi\AppData\Local\Programs\Python\Python38\Scripts\;C:\Users\dttsi\AppData\Local\Programs\Python\Python38\;C:\Users\dttsi\.local\bin;C:\Users\dttsi\AppData\Local\Programs\Python\Launcher\;C:\Users\dttsi\AppData\Local\Microsoft\WindowsApps;C:\Program Files\OpenSSL-Win64\bin;C:\Users\dttsi\AppData\Roaming\npm;C:\Users\dttsi\AppData\Local\Programs\Windsurf\bin;C:\Program Files\heroku\bin;C:\Users\dttsi\AppData\Local\Programs\Aide\bin;C:\Users\dttsi\AppData\Local\Programs\Microsoft VS Code\bin;C:\Users\dttsi\Downloads\flutter_windows_3.32.6-stable\flutter\bin;C:\Users\gerla\AppData\Local\Android\Sdk\platform-tools;C:\Android\platform-tools;C:\Users\dttsi\AppData\Local\Android\Sdk;C:\Users\dttsi\AppData\Local\Programs\Kiro\bin
USERNAME=drr
OS=Windows_NT
PROCESSOR_IDENTIFIER=Intel64 Family 6 Model 154 Stepping 4, GenuineIntel
TMP=C:\Users\dttsi\AppData\Local\Temp
TEMP=C:\Users\dttsi\AppData\Local\Temp




Periodic native trim disabled

---------------  S Y S T E M  ---------------

OS:
 Windows 11 , 64 bit Build 26100 (10.0.26100.4768)
OS uptime: 8 days 9:06 hours
Hyper-V role detected

CPU: total 12 (initial active 12) (6 cores per cpu, 2 threads per core) family 6 model 154 stepping 4 microcode 0x433, cx8, cmov, fxsr, ht, mmx, 3dnowpref, sse, sse2, sse3, ssse3, sse4.1, sse4.2, popcnt, lzcnt, tsc, tscinvbit, avx, avx2, aes, erms, clmul, bmi1, bmi2, adx, sha, fma, vzeroupper, clflush, clflushopt, clwb, hv, serialize, rdtscp, rdpid, fsrm, f16c, cet_ibt, cet_ss
Processor Information for processor 0
  Max Mhz: 1700, Current Mhz: 1700, Mhz Limit: 1700
Processor Information for processor 1
  Max Mhz: 1700, Current Mhz: 1700, Mhz Limit: 1700
Processor Information for processor 2
  Max Mhz: 1700, Current Mhz: 1700, Mhz Limit: 1700
Processor Information for processor 3
  Max Mhz: 1700, Current Mhz: 1700, Mhz Limit: 1700
Processor Information for processor 4
  Max Mhz: 1200, Current Mhz: 1200, Mhz Limit: 1200
Processor Information for processor 5
  Max Mhz: 1200, Current Mhz: 1200, Mhz Limit: 1200
Processor Information for processor 6
  Max Mhz: 1200, Current Mhz: 1200, Mhz Limit: 1200
Processor Information for processor 7
  Max Mhz: 1200, Current Mhz: 1200, Mhz Limit: 1200
Processor Information for processor 8
  Max Mhz: 1200, Current Mhz: 1200, Mhz Limit: 1200
Processor Information for processor 9
  Max Mhz: 1200, Current Mhz: 1200, Mhz Limit: 1200
Processor Information for processor 10
  Max Mhz: 1200, Current Mhz: 1200, Mhz Limit: 1200
Processor Information for processor 11
  Max Mhz: 1200, Current Mhz: 1200, Mhz Limit: 1200

Memory: 4k page, system-wide physical 7916M (148M free)
TotalPageFile size 32492M (AvailPageFile size 3M)
current process WorkingSet (physical memory assigned to process): 145M, peak: 145M
current process commit charge ("private bytes"): 296M, peak: 296M

vm_info: OpenJDK 64-Bit Server VM (21.0.8+9-LTS) for windows-amd64 JRE (21.0.8+9-LTS), built on 2025-07-15T00:00:00Z by "admin" with MS VC++ 17.7 (VS2022)

END.
