#
# There is insufficient memory for the Java Runtime Environment to continue.
# Native memory allocation (malloc) failed to allocate 898320 bytes. Error detail: Chunk::new
# Possible reasons:
#   The system is out of physical RAM or swap space
#   This process is running with CompressedOops enabled, and the Java Heap may be blocking the growth of the native heap
# Possible solutions:
#   Reduce memory load on the system
#   Increase physical memory or swap space
#   Check if swap backing store is full
#   Decrease Java heap size (-Xmx/-Xms)
#   Decrease number of Java threads
#   Decrease Java thread stack sizes (-Xss)
#   Set larger code cache with -XX:ReservedCodeCacheSize=
#   JVM is running with Unscaled Compressed Oops mode in which the Java heap is
#     placed in the first 4GB address space. The Java Heap base address is the
#     maximum limit for the native heap growth. Please use -XX:HeapBaseMinAddress
#     to set the Java Heap base and to place the Java Heap above 4GB virtual address.
# This output file may be truncated or incomplete.
#
#  Out of Memory Error (arena.cpp:168), pid=35728, tid=22960
#
# JRE version: OpenJDK Runtime Environment Temurin-21.0.7+6 (21.0.7+6) (build 21.0.7+6-LTS)
# Java VM: OpenJDK 64-Bit Server VM Temurin-21.0.7+6 (21.0.7+6-LTS, mixed mode, sharing, tiered, compressed oops, compressed class ptrs, g1 gc, windows-amd64)
# No core dump will be written. Minidumps are not enabled by default on client versions of Windows
#

---------------  S U M M A R Y ------------

Command Line: -DkotlinLanguageServer.version=1.3.13 org.javacs.kt.MainKt

Host: 12th Gen Intel(R) Core(TM) i7-1255U, 12 cores, 7G,  Windows 11 , 64 bit Build 26100 (10.0.26100.4768)
Time: Sat Aug  9 08:50:12 2025 Malay Peninsula Standard Time elapsed time: 78.186678 seconds (0d 0h 1m 18s)

---------------  T H R E A D  ---------------

Current thread (0x000001b76074c000):  JavaThread "C2 CompilerThread2" daemon [_thread_in_native, id=22960, stack(0x00000082d1600000,0x00000082d1700000) (1024K)]


Current CompileTask:
C2:78187 15017       4       org.jetbrains.org.objectweb.asm.ClassReader::readField (666 bytes)

Stack: [0x00000082d1600000,0x00000082d1700000]
Native frames: (J=compiled Java code, j=interpreted, Vv=VM code, C=native code)
V  [jvm.dll+0x6ce119]
V  [jvm.dll+0x8a84a1]
V  [jvm.dll+0x8aa9ce]
V  [jvm.dll+0x8ab0b3]
V  [jvm.dll+0x27f8a6]
V  [jvm.dll+0xc507d]
V  [jvm.dll+0xc55b3]
V  [jvm.dll+0x3b692c]
V  [jvm.dll+0x382aa5]
V  [jvm.dll+0x381f0a]
V  [jvm.dll+0x247af0]
V  [jvm.dll+0x2470cf]
V  [jvm.dll+0x1c760e]
V  [jvm.dll+0x25695a]
V  [jvm.dll+0x254efa]
V  [jvm.dll+0x3f03f6]
V  [jvm.dll+0x851f6b]
V  [jvm.dll+0x6cc7dd]
C  [ucrtbase.dll+0x37b0]
C  [KERNEL32.DLL+0x2e8d7]
C  [ntdll.dll+0x3c34c]


---------------  P R O C E S S  ---------------

Threads class SMR info:
_java_thread_list=0x000001b75f486bb0, length=19, elements={
0x000001b70fa3bbe0, 0x000001b70fa41360, 0x000001b70fa46ed0, 0x000001b70fa48640,
0x000001b70fa49310, 0x000001b70fa49d60, 0x000001b70fa569b0, 0x000001b70fa5a350,
0x000001b70fbfcb60, 0x000001b70fc09a00, 0x000001b75654e910, 0x000001b7704e3c00,
0x000001b7566f9db0, 0x000001b7600bb010, 0x000001b75516f680, 0x000001b75516e2d0,
0x000001b75f257ef0, 0x000001b76074e8e0, 0x000001b76074c000
}

Java Threads: ( => current thread )
  0x000001b70fa3bbe0 JavaThread "Reference Handler"          daemon [_thread_blocked, id=19172, stack(0x00000082d2000000,0x00000082d2100000) (1024K)]
  0x000001b70fa41360 JavaThread "Finalizer"                  daemon [_thread_blocked, id=25452, stack(0x00000082d2100000,0x00000082d2200000) (1024K)]
  0x000001b70fa46ed0 JavaThread "Signal Dispatcher"          daemon [_thread_blocked, id=24564, stack(0x00000082d2200000,0x00000082d2300000) (1024K)]
  0x000001b70fa48640 JavaThread "Attach Listener"            daemon [_thread_blocked, id=34488, stack(0x00000082d2300000,0x00000082d2400000) (1024K)]
  0x000001b70fa49310 JavaThread "Service Thread"             daemon [_thread_blocked, id=11112, stack(0x00000082d2400000,0x00000082d2500000) (1024K)]
  0x000001b70fa49d60 JavaThread "Monitor Deflation Thread"   daemon [_thread_blocked, id=848, stack(0x00000082d2500000,0x00000082d2600000) (1024K)]
  0x000001b70fa569b0 JavaThread "C2 CompilerThread0"         daemon [_thread_blocked, id=16596, stack(0x00000082d2600000,0x00000082d2700000) (1024K)]
  0x000001b70fa5a350 JavaThread "C1 CompilerThread0"         daemon [_thread_blocked, id=33456, stack(0x00000082d2700000,0x00000082d2800000) (1024K)]
  0x000001b70fbfcb60 JavaThread "Notification Thread"        daemon [_thread_blocked, id=26992, stack(0x00000082d2800000,0x00000082d2900000) (1024K)]
  0x000001b70fc09a00 JavaThread "Common-Cleaner"             daemon [_thread_blocked, id=5368, stack(0x00000082d2900000,0x00000082d2a00000) (1024K)]
  0x000001b75654e910 JavaThread "client"                            [_thread_in_native, id=27412, stack(0x00000082d3300000,0x00000082d3400000) (1024K)]
  0x000001b7704e3c00 JavaThread "DestroyJavaVM"                     [_thread_blocked, id=38588, stack(0x00000082d1800000,0x00000082d1900000) (1024K)]
  0x000001b7566f9db0 JavaThread "async0"                            [_thread_blocked, id=5808, stack(0x00000082d3600000,0x00000082d3700000) (1024K)]
  0x000001b7600bb010 JavaThread "async1"                            [_thread_blocked, id=16340, stack(0x00000082d3700000,0x00000082d3800000) (1024K)]
  0x000001b75516f680 JavaThread "debounce0"                         [_thread_in_native, id=14132, stack(0x00000082d3900000,0x00000082d3a00000) (1024K)]
  0x000001b75516e2d0 JavaThread "async2"                            [_thread_blocked, id=7144, stack(0x00000082d3a00000,0x00000082d3b00000) (1024K)]
  0x000001b75f257ef0 JavaThread "async3"                            [_thread_blocked, id=32848, stack(0x00000082d3b00000,0x00000082d3c00000) (1024K)]
  0x000001b76074e8e0 JavaThread "C2 CompilerThread1"         daemon [_thread_blocked, id=18784, stack(0x00000082d1500000,0x00000082d1600000) (1024K)]
=>0x000001b76074c000 JavaThread "C2 CompilerThread2"         daemon [_thread_in_native, id=22960, stack(0x00000082d1600000,0x00000082d1700000) (1024K)]
Total: 19

Other Threads:
  0x000001b70fa23420 VMThread "VM Thread"                           [id=36084, stack(0x00000082d1f00000,0x00000082d2000000) (1024K)]
  0x000001b70fa10260 WatcherThread "VM Periodic Task Thread"        [id=37208, stack(0x00000082d1e00000,0x00000082d1f00000) (1024K)]
  0x000001b772a81710 WorkerThread "GC Thread#0"                     [id=24804, stack(0x00000082d1900000,0x00000082d1a00000) (1024K)]
  0x000001b75550c290 WorkerThread "GC Thread#1"                     [id=29816, stack(0x00000082d2a00000,0x00000082d2b00000) (1024K)]
  0x000001b755558c50 WorkerThread "GC Thread#2"                     [id=13940, stack(0x00000082d2b00000,0x00000082d2c00000) (1024K)]
  0x000001b7555f65e0 WorkerThread "GC Thread#3"                     [id=36128, stack(0x00000082d2c00000,0x00000082d2d00000) (1024K)]
  0x000001b7555f6980 WorkerThread "GC Thread#4"                     [id=27040, stack(0x00000082d2d00000,0x00000082d2e00000) (1024K)]
  0x000001b7555f6d20 WorkerThread "GC Thread#5"                     [id=37956, stack(0x00000082d2e00000,0x00000082d2f00000) (1024K)]
  0x000001b7555f74c0 WorkerThread "GC Thread#6"                     [id=37280, stack(0x00000082d2f00000,0x00000082d3000000) (1024K)]
  0x000001b755dd87b0 WorkerThread "GC Thread#7"                     [id=11192, stack(0x00000082d3000000,0x00000082d3100000) (1024K)]
  0x000001b755dd8b50 WorkerThread "GC Thread#8"                     [id=32348, stack(0x00000082d3100000,0x00000082d3200000) (1024K)]
  0x000001b755dd8ef0 WorkerThread "GC Thread#9"                     [id=21944, stack(0x00000082d3200000,0x00000082d3300000) (1024K)]
  0x000001b772a91e70 ConcurrentGCThread "G1 Main Marker"            [id=25124, stack(0x00000082d1a00000,0x00000082d1b00000) (1024K)]
  0x000001b772a92970 WorkerThread "G1 Conc#0"                       [id=19392, stack(0x00000082d1b00000,0x00000082d1c00000) (1024K)]
  0x000001b75692ef20 WorkerThread "G1 Conc#1"                       [id=16744, stack(0x00000082d3400000,0x00000082d3500000) (1024K)]
  0x000001b75692e440 WorkerThread "G1 Conc#2"                       [id=37788, stack(0x00000082d3500000,0x00000082d3600000) (1024K)]
  0x000001b70f8dd9b0 ConcurrentGCThread "G1 Refine#0"               [id=21664, stack(0x00000082d1c00000,0x00000082d1d00000) (1024K)]
  0x000001b70f8de330 ConcurrentGCThread "G1 Service"                [id=5644, stack(0x00000082d1d00000,0x00000082d1e00000) (1024K)]
Total: 18

Threads with active compile tasks:
C2 CompilerThread2  78288 15017       4       org.jetbrains.org.objectweb.asm.ClassReader::readField (666 bytes)
Total: 1

VM state: not at safepoint (normal execution)

VM Mutex/Monitor currently owned by a thread: None

Heap address: 0x0000000084400000, size: 1980 MB, Compressed Oops mode: 32-bit

CDS archive(s) mapped at: [0x000001b710000000-0x000001b710c80000-0x000001b710c80000), size 13107200, SharedBaseAddress: 0x000001b710000000, ArchiveRelocationMode: 1.
Compressed class space mapped at: 0x000001b711000000-0x000001b751000000, reserved size: 1073741824
Narrow klass base: 0x000001b710000000, Narrow klass shift: 0, Narrow klass range: 0x100000000

GC Precious Log:
 CardTable entry size: 512
 Card Set container configuration: InlinePtr #cards 5 size 8 Array Of Cards #cards 12 size 40 Howl #buckets 4 coarsen threshold 1843 Howl Bitmap #cards 512 size 80 coarsen threshold 460 Card regions per heap region 1 cards per card region 2048
 CPUs: 12 total, 12 available
 Memory: 7916M
 Large Page Support: Disabled
 NUMA Support: Disabled
 Compressed Oops: Enabled (32-bit)
 Heap Region Size: 1M
 Heap Min Capacity: 8M
 Heap Initial Capacity: 124M
 Heap Max Capacity: 1980M
 Pre-touch: Disabled
 Parallel Workers: 10
 Concurrent Workers: 3
 Concurrent Refinement Workers: 10
 Periodic GC: Disabled

Heap:
 garbage-first heap   total 254976K, used 169444K [0x0000000084400000, 0x0000000100000000)
  region size 1024K, 3 young (3072K), 3 survivors (3072K)
 Metaspace       used 77954K, committed 78976K, reserved 1179648K
  class space    used 8756K, committed 9216K, reserved 1048576K

Heap Regions: E=young(eden), S=young(survivor), O=old, HS=humongous(starts), HC=humongous(continues), CS=collection set, F=free, TAMS=top-at-mark-start, PB=parsable bottom
|   0|0x0000000084400000, 0x0000000084500000, 0x0000000084500000|100%|HS|  |TAMS 0x0000000084500000| PB 0x0000000084400000| Complete 
|   1|0x0000000084500000, 0x0000000084600000, 0x0000000084600000|100%|HC|  |TAMS 0x0000000084600000| PB 0x0000000084500000| Complete 
|   2|0x0000000084600000, 0x0000000084700000, 0x0000000084700000|100%|HC|  |TAMS 0x0000000084700000| PB 0x0000000084600000| Complete 
|   3|0x0000000084700000, 0x0000000084800000, 0x0000000084800000|100%|HC|  |TAMS 0x0000000084800000| PB 0x0000000084700000| Complete 
|   4|0x0000000084800000, 0x0000000084900000, 0x0000000084900000|100%| O|  |TAMS 0x0000000084900000| PB 0x0000000084800000| Untracked 
|   5|0x0000000084900000, 0x0000000084a00000, 0x0000000084a00000|100%| O|  |TAMS 0x0000000084a00000| PB 0x0000000084900000| Untracked 
|   6|0x0000000084a00000, 0x0000000084b00000, 0x0000000084b00000|100%| O|  |TAMS 0x0000000084b00000| PB 0x0000000084a00000| Untracked 
|   7|0x0000000084b00000, 0x0000000084c00000, 0x0000000084c00000|100%| O|  |TAMS 0x0000000084c00000| PB 0x0000000084b00000| Untracked 
|   8|0x0000000084c00000, 0x0000000084d00000, 0x0000000084d00000|100%| O|  |TAMS 0x0000000084d00000| PB 0x0000000084c00000| Untracked 
|   9|0x0000000084d00000, 0x0000000084e00000, 0x0000000084e00000|100%| O|  |TAMS 0x0000000084e00000| PB 0x0000000084d00000| Untracked 
|  10|0x0000000084e00000, 0x0000000084f00000, 0x0000000084f00000|100%| O|  |TAMS 0x0000000084f00000| PB 0x0000000084e00000| Untracked 
|  11|0x0000000084f00000, 0x0000000085000000, 0x0000000085000000|100%| O|  |TAMS 0x0000000085000000| PB 0x0000000084f00000| Untracked 
|  12|0x0000000085000000, 0x0000000085100000, 0x0000000085100000|100%| O|  |TAMS 0x0000000085100000| PB 0x0000000085000000| Untracked 
|  13|0x0000000085100000, 0x0000000085200000, 0x0000000085200000|100%| O|  |TAMS 0x0000000085200000| PB 0x0000000085100000| Untracked 
|  14|0x0000000085200000, 0x0000000085300000, 0x0000000085300000|100%| O|  |TAMS 0x0000000085300000| PB 0x0000000085200000| Untracked 
|  15|0x0000000085300000, 0x0000000085400000, 0x0000000085400000|100%| O|  |TAMS 0x0000000085400000| PB 0x0000000085300000| Untracked 
|  16|0x0000000085400000, 0x0000000085500000, 0x0000000085500000|100%| O|  |TAMS 0x0000000085500000| PB 0x0000000085400000| Untracked 
|  17|0x0000000085500000, 0x0000000085600000, 0x0000000085600000|100%| O|  |TAMS 0x0000000085600000| PB 0x0000000085500000| Untracked 
|  18|0x0000000085600000, 0x0000000085700000, 0x0000000085700000|100%| O|  |TAMS 0x0000000085700000| PB 0x0000000085600000| Untracked 
|  19|0x0000000085700000, 0x0000000085800000, 0x0000000085800000|100%| O|  |TAMS 0x0000000085800000| PB 0x0000000085700000| Untracked 
|  20|0x0000000085800000, 0x0000000085900000, 0x0000000085900000|100%| O|  |TAMS 0x0000000085900000| PB 0x0000000085800000| Untracked 
|  21|0x0000000085900000, 0x0000000085a00000, 0x0000000085a00000|100%| O|  |TAMS 0x0000000085a00000| PB 0x0000000085900000| Untracked 
|  22|0x0000000085a00000, 0x0000000085b00000, 0x0000000085b00000|100%| O|  |TAMS 0x0000000085b00000| PB 0x0000000085a00000| Untracked 
|  23|0x0000000085b00000, 0x0000000085c00000, 0x0000000085c00000|100%| O|  |TAMS 0x0000000085c00000| PB 0x0000000085b00000| Untracked 
|  24|0x0000000085c00000, 0x0000000085d00000, 0x0000000085d00000|100%| O|  |TAMS 0x0000000085d00000| PB 0x0000000085c00000| Untracked 
|  25|0x0000000085d00000, 0x0000000085e00000, 0x0000000085e00000|100%| O|  |TAMS 0x0000000085e00000| PB 0x0000000085d00000| Untracked 
|  26|0x0000000085e00000, 0x0000000085f00000, 0x0000000085f00000|100%| O|  |TAMS 0x0000000085f00000| PB 0x0000000085e00000| Untracked 
|  27|0x0000000085f00000, 0x0000000086000000, 0x0000000086000000|100%| O|  |TAMS 0x0000000086000000| PB 0x0000000085f00000| Untracked 
|  28|0x0000000086000000, 0x0000000086100000, 0x0000000086100000|100%| O|  |TAMS 0x0000000086100000| PB 0x0000000086000000| Untracked 
|  29|0x0000000086100000, 0x0000000086200000, 0x0000000086200000|100%| O|  |TAMS 0x0000000086200000| PB 0x0000000086100000| Untracked 
|  30|0x0000000086200000, 0x0000000086300000, 0x0000000086300000|100%| O|  |TAMS 0x0000000086300000| PB 0x0000000086200000| Untracked 
|  31|0x0000000086300000, 0x0000000086400000, 0x0000000086400000|100%| O|  |TAMS 0x0000000086400000| PB 0x0000000086300000| Untracked 
|  32|0x0000000086400000, 0x0000000086500000, 0x0000000086500000|100%| O|  |TAMS 0x0000000086500000| PB 0x0000000086400000| Untracked 
|  33|0x0000000086500000, 0x0000000086600000, 0x0000000086600000|100%| O|  |TAMS 0x0000000086600000| PB 0x0000000086500000| Untracked 
|  34|0x0000000086600000, 0x0000000086700000, 0x0000000086700000|100%| O|  |TAMS 0x0000000086700000| PB 0x0000000086600000| Untracked 
|  35|0x0000000086700000, 0x0000000086800000, 0x0000000086800000|100%| O|  |TAMS 0x0000000086800000| PB 0x0000000086700000| Untracked 
|  36|0x0000000086800000, 0x0000000086900000, 0x0000000086900000|100%| O|  |TAMS 0x0000000086900000| PB 0x0000000086800000| Untracked 
|  37|0x0000000086900000, 0x0000000086a00000, 0x0000000086a00000|100%| O|  |TAMS 0x0000000086a00000| PB 0x0000000086900000| Untracked 
|  38|0x0000000086a00000, 0x0000000086b00000, 0x0000000086b00000|100%| O|  |TAMS 0x0000000086b00000| PB 0x0000000086a00000| Untracked 
|  39|0x0000000086b00000, 0x0000000086c00000, 0x0000000086c00000|100%| O|  |TAMS 0x0000000086c00000| PB 0x0000000086b00000| Untracked 
|  40|0x0000000086c00000, 0x0000000086d00000, 0x0000000086d00000|100%| O|  |TAMS 0x0000000086d00000| PB 0x0000000086c00000| Untracked 
|  41|0x0000000086d00000, 0x0000000086e00000, 0x0000000086e00000|100%| O|  |TAMS 0x0000000086e00000| PB 0x0000000086d00000| Untracked 
|  42|0x0000000086e00000, 0x0000000086f00000, 0x0000000086f00000|100%| O|  |TAMS 0x0000000086f00000| PB 0x0000000086e00000| Untracked 
|  43|0x0000000086f00000, 0x0000000087000000, 0x0000000087000000|100%| O|  |TAMS 0x0000000087000000| PB 0x0000000086f00000| Untracked 
|  44|0x0000000087000000, 0x0000000087100000, 0x0000000087100000|100%|HS|  |TAMS 0x0000000087100000| PB 0x0000000087000000| Complete 
|  45|0x0000000087100000, 0x0000000087200000, 0x0000000087200000|100%|HC|  |TAMS 0x0000000087200000| PB 0x0000000087100000| Complete 
|  46|0x0000000087200000, 0x0000000087300000, 0x0000000087300000|100%| O|  |TAMS 0x0000000087300000| PB 0x0000000087200000| Untracked 
|  47|0x0000000087300000, 0x0000000087400000, 0x0000000087400000|100%| O|  |TAMS 0x0000000087400000| PB 0x0000000087300000| Untracked 
|  48|0x0000000087400000, 0x0000000087500000, 0x0000000087500000|100%| O|  |TAMS 0x0000000087500000| PB 0x0000000087400000| Untracked 
|  49|0x0000000087500000, 0x0000000087600000, 0x0000000087600000|100%| O|  |TAMS 0x0000000087600000| PB 0x0000000087500000| Untracked 
|  50|0x0000000087600000, 0x0000000087700000, 0x0000000087700000|100%| O|  |TAMS 0x0000000087700000| PB 0x0000000087600000| Untracked 
|  51|0x0000000087700000, 0x0000000087800000, 0x0000000087800000|100%| O|  |TAMS 0x0000000087800000| PB 0x0000000087700000| Untracked 
|  52|0x0000000087800000, 0x0000000087900000, 0x0000000087900000|100%| O|  |TAMS 0x0000000087900000| PB 0x0000000087800000| Untracked 
|  53|0x0000000087900000, 0x0000000087a00000, 0x0000000087a00000|100%| O|  |TAMS 0x0000000087a00000| PB 0x0000000087900000| Untracked 
|  54|0x0000000087a00000, 0x0000000087b00000, 0x0000000087b00000|100%| O|  |TAMS 0x0000000087b00000| PB 0x0000000087a00000| Untracked 
|  55|0x0000000087b00000, 0x0000000087c00000, 0x0000000087c00000|100%| O|  |TAMS 0x0000000087c00000| PB 0x0000000087b00000| Untracked 
|  56|0x0000000087c00000, 0x0000000087d00000, 0x0000000087d00000|100%| O|  |TAMS 0x0000000087d00000| PB 0x0000000087c00000| Untracked 
|  57|0x0000000087d00000, 0x0000000087e00000, 0x0000000087e00000|100%| O|  |TAMS 0x0000000087e00000| PB 0x0000000087d00000| Untracked 
|  58|0x0000000087e00000, 0x0000000087f00000, 0x0000000087f00000|100%| O|  |TAMS 0x0000000087f00000| PB 0x0000000087e00000| Untracked 
|  59|0x0000000087f00000, 0x0000000088000000, 0x0000000088000000|100%| O|  |TAMS 0x0000000088000000| PB 0x0000000087f00000| Untracked 
|  60|0x0000000088000000, 0x0000000088100000, 0x0000000088100000|100%| O|  |TAMS 0x0000000088100000| PB 0x0000000088000000| Untracked 
|  61|0x0000000088100000, 0x0000000088200000, 0x0000000088200000|100%| O|  |TAMS 0x0000000088200000| PB 0x0000000088100000| Untracked 
|  62|0x0000000088200000, 0x0000000088300000, 0x0000000088300000|100%| O|  |TAMS 0x0000000088300000| PB 0x0000000088200000| Untracked 
|  63|0x0000000088300000, 0x0000000088400000, 0x0000000088400000|100%| O|  |TAMS 0x0000000088400000| PB 0x0000000088300000| Untracked 
|  64|0x0000000088400000, 0x0000000088500000, 0x0000000088500000|100%| O|  |TAMS 0x0000000088500000| PB 0x0000000088400000| Untracked 
|  65|0x0000000088500000, 0x0000000088600000, 0x0000000088600000|100%| O|  |TAMS 0x0000000088600000| PB 0x0000000088500000| Untracked 
|  66|0x0000000088600000, 0x0000000088700000, 0x0000000088700000|100%| O|  |TAMS 0x0000000088700000| PB 0x0000000088600000| Untracked 
|  67|0x0000000088700000, 0x0000000088800000, 0x0000000088800000|100%| O|  |TAMS 0x0000000088800000| PB 0x0000000088700000| Untracked 
|  68|0x0000000088800000, 0x0000000088900000, 0x0000000088900000|100%| O|  |TAMS 0x0000000088900000| PB 0x0000000088800000| Untracked 
|  69|0x0000000088900000, 0x0000000088a00000, 0x0000000088a00000|100%| O|  |TAMS 0x0000000088a00000| PB 0x0000000088900000| Untracked 
|  70|0x0000000088a00000, 0x0000000088b00000, 0x0000000088b00000|100%| O|  |TAMS 0x0000000088a00000| PB 0x0000000088a00000| Untracked 
|  71|0x0000000088b00000, 0x0000000088c00000, 0x0000000088c00000|100%| O|  |TAMS 0x0000000088c00000| PB 0x0000000088b00000| Untracked 
|  72|0x0000000088c00000, 0x0000000088d00000, 0x0000000088d00000|100%| O|  |TAMS 0x0000000088d00000| PB 0x0000000088c00000| Untracked 
|  73|0x0000000088d00000, 0x0000000088e00000, 0x0000000088e00000|100%| O|  |TAMS 0x0000000088e00000| PB 0x0000000088d00000| Untracked 
|  74|0x0000000088e00000, 0x0000000088f00000, 0x0000000088f00000|100%| O|  |TAMS 0x0000000088f00000| PB 0x0000000088e00000| Untracked 
|  75|0x0000000088f00000, 0x0000000089000000, 0x0000000089000000|100%| O|  |TAMS 0x0000000089000000| PB 0x0000000088f00000| Untracked 
|  76|0x0000000089000000, 0x0000000089100000, 0x0000000089100000|100%| O|  |TAMS 0x0000000089100000| PB 0x0000000089000000| Untracked 
|  77|0x0000000089100000, 0x0000000089200000, 0x0000000089200000|100%| O|  |TAMS 0x0000000089200000| PB 0x0000000089100000| Untracked 
|  78|0x0000000089200000, 0x0000000089300000, 0x0000000089300000|100%| O|  |TAMS 0x0000000089300000| PB 0x0000000089200000| Untracked 
|  79|0x0000000089300000, 0x0000000089400000, 0x0000000089400000|100%| O|  |TAMS 0x0000000089400000| PB 0x0000000089300000| Untracked 
|  80|0x0000000089400000, 0x0000000089500000, 0x0000000089500000|100%| O|  |TAMS 0x0000000089500000| PB 0x0000000089400000| Untracked 
|  81|0x0000000089500000, 0x0000000089600000, 0x0000000089600000|100%| O|  |TAMS 0x0000000089600000| PB 0x0000000089500000| Untracked 
|  82|0x0000000089600000, 0x0000000089700000, 0x0000000089700000|100%| O|  |TAMS 0x0000000089700000| PB 0x0000000089600000| Untracked 
|  83|0x0000000089700000, 0x0000000089800000, 0x0000000089800000|100%| O|  |TAMS 0x0000000089800000| PB 0x0000000089700000| Untracked 
|  84|0x0000000089800000, 0x0000000089900000, 0x0000000089900000|100%| O|  |TAMS 0x0000000089900000| PB 0x0000000089800000| Untracked 
|  85|0x0000000089900000, 0x0000000089a00000, 0x0000000089a00000|100%| O|  |TAMS 0x0000000089a00000| PB 0x0000000089900000| Untracked 
|  86|0x0000000089a00000, 0x0000000089b00000, 0x0000000089b00000|100%| O|  |TAMS 0x0000000089b00000| PB 0x0000000089a00000| Untracked 
|  87|0x0000000089b00000, 0x0000000089c00000, 0x0000000089c00000|100%| O|  |TAMS 0x0000000089c00000| PB 0x0000000089b00000| Untracked 
|  88|0x0000000089c00000, 0x0000000089d00000, 0x0000000089d00000|100%| O|  |TAMS 0x0000000089d00000| PB 0x0000000089c00000| Untracked 
|  89|0x0000000089d00000, 0x0000000089e00000, 0x0000000089e00000|100%| O|  |TAMS 0x0000000089e00000| PB 0x0000000089d00000| Untracked 
|  90|0x0000000089e00000, 0x0000000089f00000, 0x0000000089f00000|100%| O|  |TAMS 0x0000000089f00000| PB 0x0000000089e00000| Untracked 
|  91|0x0000000089f00000, 0x000000008a000000, 0x000000008a000000|100%| O|  |TAMS 0x000000008a000000| PB 0x0000000089f00000| Untracked 
|  92|0x000000008a000000, 0x000000008a100000, 0x000000008a100000|100%| O|  |TAMS 0x000000008a100000| PB 0x000000008a000000| Untracked 
|  93|0x000000008a100000, 0x000000008a200000, 0x000000008a200000|100%| O|  |TAMS 0x000000008a200000| PB 0x000000008a100000| Untracked 
|  94|0x000000008a200000, 0x000000008a300000, 0x000000008a300000|100%| O|  |TAMS 0x000000008a300000| PB 0x000000008a200000| Untracked 
|  95|0x000000008a300000, 0x000000008a400000, 0x000000008a400000|100%| O|  |TAMS 0x000000008a400000| PB 0x000000008a300000| Untracked 
|  96|0x000000008a400000, 0x000000008a500000, 0x000000008a500000|100%| O|  |TAMS 0x000000008a500000| PB 0x000000008a400000| Untracked 
|  97|0x000000008a500000, 0x000000008a600000, 0x000000008a600000|100%| O|  |TAMS 0x000000008a600000| PB 0x000000008a500000| Untracked 
|  98|0x000000008a600000, 0x000000008a700000, 0x000000008a700000|100%| O|  |TAMS 0x000000008a700000| PB 0x000000008a600000| Untracked 
|  99|0x000000008a700000, 0x000000008a800000, 0x000000008a800000|100%| O|  |TAMS 0x000000008a800000| PB 0x000000008a700000| Untracked 
| 100|0x000000008a800000, 0x000000008a900000, 0x000000008a900000|100%| O|  |TAMS 0x000000008a900000| PB 0x000000008a800000| Untracked 
| 101|0x000000008a900000, 0x000000008aa00000, 0x000000008aa00000|100%| O|  |TAMS 0x000000008aa00000| PB 0x000000008a900000| Untracked 
| 102|0x000000008aa00000, 0x000000008ab00000, 0x000000008ab00000|100%| O|  |TAMS 0x000000008ab00000| PB 0x000000008aa00000| Untracked 
| 103|0x000000008ab00000, 0x000000008ac00000, 0x000000008ac00000|100%| O|  |TAMS 0x000000008ac00000| PB 0x000000008ab00000| Untracked 
| 104|0x000000008ac00000, 0x000000008ad00000, 0x000000008ad00000|100%| O|  |TAMS 0x000000008ad00000| PB 0x000000008ac00000| Untracked 
| 105|0x000000008ad00000, 0x000000008ae00000, 0x000000008ae00000|100%| O|  |TAMS 0x000000008ae00000| PB 0x000000008ad00000| Untracked 
| 106|0x000000008ae00000, 0x000000008af00000, 0x000000008af00000|100%| O|  |TAMS 0x000000008af00000| PB 0x000000008ae00000| Untracked 
| 107|0x000000008af00000, 0x000000008b000000, 0x000000008b000000|100%| O|  |TAMS 0x000000008b000000| PB 0x000000008af00000| Untracked 
| 108|0x000000008b000000, 0x000000008b100000, 0x000000008b100000|100%| O|  |TAMS 0x000000008b100000| PB 0x000000008b000000| Untracked 
| 109|0x000000008b100000, 0x000000008b200000, 0x000000008b200000|100%| O|  |TAMS 0x000000008b200000| PB 0x000000008b100000| Untracked 
| 110|0x000000008b200000, 0x000000008b300000, 0x000000008b300000|100%| O|  |TAMS 0x000000008b300000| PB 0x000000008b200000| Untracked 
| 111|0x000000008b300000, 0x000000008b400000, 0x000000008b400000|100%| O|  |TAMS 0x000000008b400000| PB 0x000000008b300000| Untracked 
| 112|0x000000008b400000, 0x000000008b500000, 0x000000008b500000|100%| O|  |TAMS 0x000000008b500000| PB 0x000000008b400000| Untracked 
| 113|0x000000008b500000, 0x000000008b600000, 0x000000008b600000|100%| O|  |TAMS 0x000000008b600000| PB 0x000000008b500000| Untracked 
| 114|0x000000008b600000, 0x000000008b700000, 0x000000008b700000|100%| O|  |TAMS 0x000000008b700000| PB 0x000000008b600000| Untracked 
| 115|0x000000008b700000, 0x000000008b800000, 0x000000008b800000|100%| O|  |TAMS 0x000000008b800000| PB 0x000000008b700000| Untracked 
| 116|0x000000008b800000, 0x000000008b900000, 0x000000008b900000|100%| O|  |TAMS 0x000000008b900000| PB 0x000000008b800000| Untracked 
| 117|0x000000008b900000, 0x000000008ba00000, 0x000000008ba00000|100%| O|  |TAMS 0x000000008ba00000| PB 0x000000008b900000| Untracked 
| 118|0x000000008ba00000, 0x000000008bb00000, 0x000000008bb00000|100%| O|  |TAMS 0x000000008bb00000| PB 0x000000008ba00000| Untracked 
| 119|0x000000008bb00000, 0x000000008bc00000, 0x000000008bc00000|100%| O|  |TAMS 0x000000008bc00000| PB 0x000000008bb00000| Untracked 
| 120|0x000000008bc00000, 0x000000008bd00000, 0x000000008bd00000|100%| O|  |TAMS 0x000000008bd00000| PB 0x000000008bc00000| Untracked 
| 121|0x000000008bd00000, 0x000000008be00000, 0x000000008be00000|100%| O|  |TAMS 0x000000008be00000| PB 0x000000008bd00000| Untracked 
| 122|0x000000008be00000, 0x000000008bf00000, 0x000000008bf00000|100%| O|  |TAMS 0x000000008bf00000| PB 0x000000008be00000| Untracked 
| 123|0x000000008bf00000, 0x000000008c000000, 0x000000008c000000|100%| O|  |TAMS 0x000000008c000000| PB 0x000000008bf00000| Untracked 
| 124|0x000000008c000000, 0x000000008c100000, 0x000000008c100000|100%| O|  |TAMS 0x000000008c100000| PB 0x000000008c000000| Untracked 
| 125|0x000000008c100000, 0x000000008c200000, 0x000000008c200000|100%| O|  |TAMS 0x000000008c200000| PB 0x000000008c100000| Untracked 
| 126|0x000000008c200000, 0x000000008c300000, 0x000000008c300000|100%| O|  |TAMS 0x000000008c300000| PB 0x000000008c200000| Untracked 
| 127|0x000000008c300000, 0x000000008c400000, 0x000000008c400000|100%| O|  |TAMS 0x000000008c400000| PB 0x000000008c300000| Untracked 
| 128|0x000000008c400000, 0x000000008c500000, 0x000000008c500000|100%| O|  |TAMS 0x000000008c500000| PB 0x000000008c400000| Untracked 
| 129|0x000000008c500000, 0x000000008c600000, 0x000000008c600000|100%| O|  |TAMS 0x000000008c600000| PB 0x000000008c500000| Untracked 
| 130|0x000000008c600000, 0x000000008c700000, 0x000000008c700000|100%| O|  |TAMS 0x000000008c600000| PB 0x000000008c600000| Untracked 
| 131|0x000000008c700000, 0x000000008c800000, 0x000000008c800000|100%| O|  |TAMS 0x000000008c700000| PB 0x000000008c700000| Untracked 
| 132|0x000000008c800000, 0x000000008c900000, 0x000000008c900000|100%| O|  |TAMS 0x000000008c900000| PB 0x000000008c800000| Untracked 
| 133|0x000000008c900000, 0x000000008ca00000, 0x000000008ca00000|100%| O|  |TAMS 0x000000008ca00000| PB 0x000000008c900000| Untracked 
| 134|0x000000008ca00000, 0x000000008cb00000, 0x000000008cb00000|100%| O|  |TAMS 0x000000008cb00000| PB 0x000000008ca00000| Untracked 
| 135|0x000000008cb00000, 0x000000008cc00000, 0x000000008cc00000|100%| O|  |TAMS 0x000000008cc00000| PB 0x000000008cb00000| Untracked 
| 136|0x000000008cc00000, 0x000000008cd00000, 0x000000008cd00000|100%| O|  |TAMS 0x000000008cd00000| PB 0x000000008cc00000| Untracked 
| 137|0x000000008cd00000, 0x000000008ce00000, 0x000000008ce00000|100%| O|  |TAMS 0x000000008ce00000| PB 0x000000008cd00000| Untracked 
| 138|0x000000008ce00000, 0x000000008cf00000, 0x000000008cf00000|100%| O|  |TAMS 0x000000008ce00000| PB 0x000000008ce00000| Untracked 
| 139|0x000000008cf00000, 0x000000008d000000, 0x000000008d000000|100%| O|  |TAMS 0x000000008d000000| PB 0x000000008cf00000| Untracked 
| 140|0x000000008d000000, 0x000000008d100000, 0x000000008d100000|100%| O|  |TAMS 0x000000008d100000| PB 0x000000008d000000| Untracked 
| 141|0x000000008d100000, 0x000000008d200000, 0x000000008d200000|100%| O|  |TAMS 0x000000008d200000| PB 0x000000008d100000| Untracked 
| 142|0x000000008d200000, 0x000000008d300000, 0x000000008d300000|100%| O|  |TAMS 0x000000008d200000| PB 0x000000008d200000| Untracked 
| 143|0x000000008d300000, 0x000000008d400000, 0x000000008d400000|100%| O|  |TAMS 0x000000008d300000| PB 0x000000008d300000| Untracked 
| 144|0x000000008d400000, 0x000000008d500000, 0x000000008d500000|100%| O|  |TAMS 0x000000008d400000| PB 0x000000008d400000| Untracked 
| 145|0x000000008d500000, 0x000000008d600000, 0x000000008d600000|100%| O|  |TAMS 0x000000008d500000| PB 0x000000008d500000| Untracked 
| 146|0x000000008d600000, 0x000000008d700000, 0x000000008d700000|100%| O|  |TAMS 0x000000008d700000| PB 0x000000008d600000| Untracked 
| 147|0x000000008d700000, 0x000000008d800000, 0x000000008d800000|100%| O|  |TAMS 0x000000008d800000| PB 0x000000008d700000| Untracked 
| 148|0x000000008d800000, 0x000000008d900000, 0x000000008d900000|100%| O|  |TAMS 0x000000008d900000| PB 0x000000008d800000| Untracked 
| 149|0x000000008d900000, 0x000000008da00000, 0x000000008da00000|100%| O|  |TAMS 0x000000008da00000| PB 0x000000008d900000| Untracked 
| 150|0x000000008da00000, 0x000000008db00000, 0x000000008db00000|100%| O|  |TAMS 0x000000008db00000| PB 0x000000008da00000| Untracked 
| 151|0x000000008db00000, 0x000000008dc00000, 0x000000008dc00000|100%| O|  |TAMS 0x000000008dc00000| PB 0x000000008db00000| Untracked 
| 152|0x000000008dc00000, 0x000000008dd00000, 0x000000008dd00000|100%| O|  |TAMS 0x000000008dd00000| PB 0x000000008dc00000| Untracked 
| 153|0x000000008dd00000, 0x000000008de00000, 0x000000008de00000|100%| O|  |TAMS 0x000000008de00000| PB 0x000000008dd00000| Untracked 
| 154|0x000000008de00000, 0x000000008df00000, 0x000000008df00000|100%| O|  |TAMS 0x000000008df00000| PB 0x000000008de00000| Untracked 
| 155|0x000000008df00000, 0x000000008e000000, 0x000000008e000000|100%| O|  |TAMS 0x000000008e000000| PB 0x000000008df00000| Untracked 
| 156|0x000000008e000000, 0x000000008e100000, 0x000000008e100000|100%| O|  |TAMS 0x000000008e100000| PB 0x000000008e000000| Untracked 
| 157|0x000000008e100000, 0x000000008e200000, 0x000000008e200000|100%| O|  |TAMS 0x000000008e200000| PB 0x000000008e100000| Untracked 
| 158|0x000000008e200000, 0x000000008e300000, 0x000000008e300000|100%| O|  |TAMS 0x000000008e21f128| PB 0x000000008e200000| Untracked 
| 159|0x000000008e300000, 0x000000008e3fecd8, 0x000000008e400000| 99%| O|  |TAMS 0x000000008e300000| PB 0x000000008e300000| Untracked 
| 160|0x000000008e400000, 0x000000008e500000, 0x000000008e500000|100%|HS|  |TAMS 0x000000008e400000| PB 0x000000008e400000| Complete 
| 161|0x000000008e500000, 0x000000008e600000, 0x000000008e600000|100%|HC|  |TAMS 0x000000008e500000| PB 0x000000008e500000| Complete 
| 162|0x000000008e600000, 0x000000008e600000, 0x000000008e700000|  0%| F|  |TAMS 0x000000008e600000| PB 0x000000008e600000| Untracked 
| 163|0x000000008e700000, 0x000000008e700000, 0x000000008e800000|  0%| F|  |TAMS 0x000000008e700000| PB 0x000000008e700000| Untracked 
| 164|0x000000008e800000, 0x000000008e800000, 0x000000008e900000|  0%| F|  |TAMS 0x000000008e800000| PB 0x000000008e800000| Untracked 
| 165|0x000000008e900000, 0x000000008e900000, 0x000000008ea00000|  0%| F|  |TAMS 0x000000008e900000| PB 0x000000008e900000| Untracked 
| 166|0x000000008ea00000, 0x000000008ea00000, 0x000000008eb00000|  0%| F|  |TAMS 0x000000008ea00000| PB 0x000000008ea00000| Untracked 
| 167|0x000000008eb00000, 0x000000008eb00000, 0x000000008ec00000|  0%| F|  |TAMS 0x000000008eb00000| PB 0x000000008eb00000| Untracked 
| 168|0x000000008ec00000, 0x000000008ec00000, 0x000000008ed00000|  0%| F|  |TAMS 0x000000008ec00000| PB 0x000000008ec00000| Untracked 
| 169|0x000000008ed00000, 0x000000008ed00000, 0x000000008ee00000|  0%| F|  |TAMS 0x000000008ed00000| PB 0x000000008ed00000| Untracked 
| 170|0x000000008ee00000, 0x000000008ee00000, 0x000000008ef00000|  0%| F|  |TAMS 0x000000008ee00000| PB 0x000000008ee00000| Untracked 
| 171|0x000000008ef00000, 0x000000008ef00000, 0x000000008f000000|  0%| F|  |TAMS 0x000000008ef00000| PB 0x000000008ef00000| Untracked 
| 172|0x000000008f000000, 0x000000008f000000, 0x000000008f100000|  0%| F|  |TAMS 0x000000008f000000| PB 0x000000008f000000| Untracked 
| 173|0x000000008f100000, 0x000000008f100000, 0x000000008f200000|  0%| F|  |TAMS 0x000000008f100000| PB 0x000000008f100000| Untracked 
| 174|0x000000008f200000, 0x000000008f200000, 0x000000008f300000|  0%| F|  |TAMS 0x000000008f200000| PB 0x000000008f200000| Untracked 
| 175|0x000000008f300000, 0x000000008f300000, 0x000000008f400000|  0%| F|  |TAMS 0x000000008f300000| PB 0x000000008f300000| Untracked 
| 176|0x000000008f400000, 0x000000008f400000, 0x000000008f500000|  0%| F|  |TAMS 0x000000008f400000| PB 0x000000008f400000| Untracked 
| 177|0x000000008f500000, 0x000000008f500000, 0x000000008f600000|  0%| F|  |TAMS 0x000000008f500000| PB 0x000000008f500000| Untracked 
| 178|0x000000008f600000, 0x000000008f600000, 0x000000008f700000|  0%| F|  |TAMS 0x000000008f600000| PB 0x000000008f600000| Untracked 
| 179|0x000000008f700000, 0x000000008f700000, 0x000000008f800000|  0%| F|  |TAMS 0x000000008f700000| PB 0x000000008f700000| Untracked 
| 180|0x000000008f800000, 0x000000008f800000, 0x000000008f900000|  0%| F|  |TAMS 0x000000008f800000| PB 0x000000008f800000| Untracked 
| 181|0x000000008f900000, 0x000000008f900000, 0x000000008fa00000|  0%| F|  |TAMS 0x000000008f900000| PB 0x000000008f900000| Untracked 
| 182|0x000000008fa00000, 0x000000008fa00000, 0x000000008fb00000|  0%| F|  |TAMS 0x000000008fa00000| PB 0x000000008fa00000| Untracked 
| 183|0x000000008fb00000, 0x000000008fb00000, 0x000000008fc00000|  0%| F|  |TAMS 0x000000008fb00000| PB 0x000000008fb00000| Untracked 
| 184|0x000000008fc00000, 0x000000008fc00000, 0x000000008fd00000|  0%| F|  |TAMS 0x000000008fc00000| PB 0x000000008fc00000| Untracked 
| 185|0x000000008fd00000, 0x000000008fd00000, 0x000000008fe00000|  0%| F|  |TAMS 0x000000008fd00000| PB 0x000000008fd00000| Untracked 
| 186|0x000000008fe00000, 0x000000008fe00000, 0x000000008ff00000|  0%| F|  |TAMS 0x000000008fe00000| PB 0x000000008fe00000| Untracked 
| 187|0x000000008ff00000, 0x000000008ff00000, 0x0000000090000000|  0%| F|  |TAMS 0x000000008ff00000| PB 0x000000008ff00000| Untracked 
| 188|0x0000000090000000, 0x0000000090000000, 0x0000000090100000|  0%| F|  |TAMS 0x0000000090000000| PB 0x0000000090000000| Untracked 
| 189|0x0000000090100000, 0x0000000090100000, 0x0000000090200000|  0%| F|  |TAMS 0x0000000090100000| PB 0x0000000090100000| Untracked 
| 190|0x0000000090200000, 0x0000000090200000, 0x0000000090300000|  0%| F|  |TAMS 0x0000000090200000| PB 0x0000000090200000| Untracked 
| 191|0x0000000090300000, 0x0000000090300000, 0x0000000090400000|  0%| F|  |TAMS 0x0000000090300000| PB 0x0000000090300000| Untracked 
| 192|0x0000000090400000, 0x0000000090400000, 0x0000000090500000|  0%| F|  |TAMS 0x0000000090400000| PB 0x0000000090400000| Untracked 
| 193|0x0000000090500000, 0x0000000090500000, 0x0000000090600000|  0%| F|  |TAMS 0x0000000090500000| PB 0x0000000090500000| Untracked 
| 194|0x0000000090600000, 0x0000000090600000, 0x0000000090700000|  0%| F|  |TAMS 0x0000000090600000| PB 0x0000000090600000| Untracked 
| 195|0x0000000090700000, 0x0000000090700000, 0x0000000090800000|  0%| F|  |TAMS 0x0000000090700000| PB 0x0000000090700000| Untracked 
| 196|0x0000000090800000, 0x0000000090800000, 0x0000000090900000|  0%| F|  |TAMS 0x0000000090800000| PB 0x0000000090800000| Untracked 
| 197|0x0000000090900000, 0x0000000090900000, 0x0000000090a00000|  0%| F|  |TAMS 0x0000000090900000| PB 0x0000000090900000| Untracked 
| 198|0x0000000090a00000, 0x0000000090a00000, 0x0000000090b00000|  0%| F|  |TAMS 0x0000000090a00000| PB 0x0000000090a00000| Untracked 
| 199|0x0000000090b00000, 0x0000000090b00000, 0x0000000090c00000|  0%| F|  |TAMS 0x0000000090b00000| PB 0x0000000090b00000| Untracked 
| 200|0x0000000090c00000, 0x0000000090c00000, 0x0000000090d00000|  0%| F|  |TAMS 0x0000000090c00000| PB 0x0000000090c00000| Untracked 
| 201|0x0000000090d00000, 0x0000000090d00000, 0x0000000090e00000|  0%| F|  |TAMS 0x0000000090d00000| PB 0x0000000090d00000| Untracked 
| 202|0x0000000090e00000, 0x0000000090e00000, 0x0000000090f00000|  0%| F|  |TAMS 0x0000000090e00000| PB 0x0000000090e00000| Untracked 
| 203|0x0000000090f00000, 0x0000000090f00000, 0x0000000091000000|  0%| F|  |TAMS 0x0000000090f00000| PB 0x0000000090f00000| Untracked 
| 204|0x0000000091000000, 0x0000000091000000, 0x0000000091100000|  0%| F|  |TAMS 0x0000000091000000| PB 0x0000000091000000| Untracked 
| 205|0x0000000091100000, 0x0000000091100000, 0x0000000091200000|  0%| F|  |TAMS 0x0000000091100000| PB 0x0000000091100000| Untracked 
| 206|0x0000000091200000, 0x0000000091200000, 0x0000000091300000|  0%| F|  |TAMS 0x0000000091200000| PB 0x0000000091200000| Untracked 
| 207|0x0000000091300000, 0x0000000091300000, 0x0000000091400000|  0%| F|  |TAMS 0x0000000091300000| PB 0x0000000091300000| Untracked 
| 208|0x0000000091400000, 0x0000000091400000, 0x0000000091500000|  0%| F|  |TAMS 0x0000000091400000| PB 0x0000000091400000| Untracked 
| 209|0x0000000091500000, 0x0000000091500000, 0x0000000091600000|  0%| F|  |TAMS 0x0000000091500000| PB 0x0000000091500000| Untracked 
| 210|0x0000000091600000, 0x0000000091600000, 0x0000000091700000|  0%| F|  |TAMS 0x0000000091600000| PB 0x0000000091600000| Untracked 
| 211|0x0000000091700000, 0x0000000091700000, 0x0000000091800000|  0%| F|  |TAMS 0x0000000091700000| PB 0x0000000091700000| Untracked 
| 212|0x0000000091800000, 0x0000000091800000, 0x0000000091900000|  0%| F|  |TAMS 0x0000000091800000| PB 0x0000000091800000| Untracked 
| 213|0x0000000091900000, 0x0000000091900000, 0x0000000091a00000|  0%| F|  |TAMS 0x0000000091900000| PB 0x0000000091900000| Untracked 
| 214|0x0000000091a00000, 0x0000000091a00000, 0x0000000091b00000|  0%| F|  |TAMS 0x0000000091a00000| PB 0x0000000091a00000| Untracked 
| 215|0x0000000091b00000, 0x0000000091b00000, 0x0000000091c00000|  0%| F|  |TAMS 0x0000000091b00000| PB 0x0000000091b00000| Untracked 
| 216|0x0000000091c00000, 0x0000000091c00000, 0x0000000091d00000|  0%| F|  |TAMS 0x0000000091c00000| PB 0x0000000091c00000| Untracked 
| 217|0x0000000091d00000, 0x0000000091d00000, 0x0000000091e00000|  0%| F|  |TAMS 0x0000000091d00000| PB 0x0000000091d00000| Untracked 
| 218|0x0000000091e00000, 0x0000000091e00000, 0x0000000091f00000|  0%| F|  |TAMS 0x0000000091e00000| PB 0x0000000091e00000| Untracked 
| 219|0x0000000091f00000, 0x0000000091f00000, 0x0000000092000000|  0%| F|  |TAMS 0x0000000091f00000| PB 0x0000000091f00000| Untracked 
| 220|0x0000000092000000, 0x0000000092000000, 0x0000000092100000|  0%| F|  |TAMS 0x0000000092000000| PB 0x0000000092000000| Untracked 
| 221|0x0000000092100000, 0x0000000092100000, 0x0000000092200000|  0%| F|  |TAMS 0x0000000092100000| PB 0x0000000092100000| Untracked 
| 222|0x0000000092200000, 0x0000000092200000, 0x0000000092300000|  0%| F|  |TAMS 0x0000000092200000| PB 0x0000000092200000| Untracked 
| 223|0x0000000092300000, 0x0000000092300000, 0x0000000092400000|  0%| F|  |TAMS 0x0000000092300000| PB 0x0000000092300000| Untracked 
| 224|0x0000000092400000, 0x0000000092400000, 0x0000000092500000|  0%| F|  |TAMS 0x0000000092400000| PB 0x0000000092400000| Untracked 
| 225|0x0000000092500000, 0x0000000092500000, 0x0000000092600000|  0%| F|  |TAMS 0x0000000092500000| PB 0x0000000092500000| Untracked 
| 226|0x0000000092600000, 0x0000000092600000, 0x0000000092700000|  0%| F|  |TAMS 0x0000000092600000| PB 0x0000000092600000| Untracked 
| 227|0x0000000092700000, 0x0000000092700000, 0x0000000092800000|  0%| F|  |TAMS 0x0000000092700000| PB 0x0000000092700000| Untracked 
| 228|0x0000000092800000, 0x0000000092800000, 0x0000000092900000|  0%| F|  |TAMS 0x0000000092800000| PB 0x0000000092800000| Untracked 
| 229|0x0000000092900000, 0x0000000092900000, 0x0000000092a00000|  0%| F|  |TAMS 0x0000000092900000| PB 0x0000000092900000| Untracked 
| 230|0x0000000092a00000, 0x0000000092a00000, 0x0000000092b00000|  0%| F|  |TAMS 0x0000000092a00000| PB 0x0000000092a00000| Untracked 
| 231|0x0000000092b00000, 0x0000000092b00000, 0x0000000092c00000|  0%| F|  |TAMS 0x0000000092b00000| PB 0x0000000092b00000| Untracked 
| 232|0x0000000092c00000, 0x0000000092c00000, 0x0000000092d00000|  0%| F|  |TAMS 0x0000000092c00000| PB 0x0000000092c00000| Untracked 
| 233|0x0000000092d00000, 0x0000000092d00000, 0x0000000092e00000|  0%| F|  |TAMS 0x0000000092d00000| PB 0x0000000092d00000| Untracked 
| 234|0x0000000092e00000, 0x0000000092e00000, 0x0000000092f00000|  0%| F|  |TAMS 0x0000000092e00000| PB 0x0000000092e00000| Untracked 
| 235|0x0000000092f00000, 0x0000000092f7a628, 0x0000000093000000| 47%| S|CS|TAMS 0x0000000092f00000| PB 0x0000000092f00000| Complete 
| 236|0x0000000093000000, 0x0000000093100000, 0x0000000093100000|100%| S|CS|TAMS 0x0000000093000000| PB 0x0000000093000000| Complete 
| 237|0x0000000093100000, 0x0000000093200000, 0x0000000093200000|100%| S|CS|TAMS 0x0000000093100000| PB 0x0000000093100000| Complete 
| 238|0x0000000093200000, 0x0000000093200000, 0x0000000093300000|  0%| F|  |TAMS 0x0000000093200000| PB 0x0000000093200000| Untracked 
| 239|0x0000000093300000, 0x0000000093300000, 0x0000000093400000|  0%| F|  |TAMS 0x0000000093300000| PB 0x0000000093300000| Untracked 
| 240|0x0000000093400000, 0x0000000093400000, 0x0000000093500000|  0%| F|  |TAMS 0x0000000093400000| PB 0x0000000093400000| Untracked 
| 241|0x0000000093500000, 0x0000000093500000, 0x0000000093600000|  0%| F|  |TAMS 0x0000000093500000| PB 0x0000000093500000| Untracked 
| 242|0x0000000093600000, 0x0000000093600000, 0x0000000093700000|  0%| F|  |TAMS 0x0000000093600000| PB 0x0000000093600000| Untracked 
| 243|0x0000000093700000, 0x0000000093700000, 0x0000000093800000|  0%| F|  |TAMS 0x0000000093700000| PB 0x0000000093700000| Untracked 
| 244|0x0000000093800000, 0x0000000093800000, 0x0000000093900000|  0%| F|  |TAMS 0x0000000093800000| PB 0x0000000093800000| Untracked 
|1976|0x00000000ffc00000, 0x00000000ffc00000, 0x00000000ffd00000|  0%| F|  |TAMS 0x00000000ffc00000| PB 0x00000000ffc00000| Untracked 
|1977|0x00000000ffd00000, 0x00000000ffd00000, 0x00000000ffe00000|  0%| F|  |TAMS 0x00000000ffd00000| PB 0x00000000ffd00000| Untracked 
|1978|0x00000000ffe00000, 0x00000000fff00000, 0x00000000fff00000|100%| O|  |TAMS 0x00000000fff00000| PB 0x00000000ffe00000| Untracked 
|1979|0x00000000fff00000, 0x00000000fff00000, 0x0000000100000000|  0%| F|  |TAMS 0x00000000fff00000| PB 0x00000000fff00000| Untracked 

Card table byte_map: [0x000001b77ba40000,0x000001b77be20000] _byte_map_base: 0x000001b77b61e000

Marking Bits: (CMBitMap*) 0x000001b772a81e10
 Bits: [0x000001b77be20000, 0x000001b77dd10000)

Polling page: 0x000001b7707f0000

Metaspace:

Usage:
  Non-class:     67.58 MB used.
      Class:      8.55 MB used.
       Both:     76.13 MB used.

Virtual space:
  Non-class space:      128.00 MB reserved,      68.12 MB ( 53%) committed,  2 nodes.
      Class space:        1.00 GB reserved,       9.00 MB ( <1%) committed,  1 nodes.
             Both:        1.12 GB reserved,      77.12 MB (  7%) committed. 

Chunk freelists:
   Non-Class:  11.66 MB
       Class:  7.00 MB
        Both:  18.66 MB

MaxMetaspaceSize: unlimited
CompressedClassSpaceSize: 1.00 GB
Initial GC threshold: 21.00 MB
Current GC threshold: 127.31 MB
CDS: on
 - commit_granule_bytes: 65536.
 - commit_granule_words: 8192.
 - virtual_space_node_default_size: 8388608.
 - enlarge_chunks_in_place: 1.
 - use_allocation_guard: 0.


Internal statistics:

num_allocs_failed_limit: 3.
num_arena_births: 1590.
num_arena_deaths: 0.
num_vsnodes_births: 3.
num_vsnodes_deaths: 0.
num_space_committed: 1232.
num_space_uncommitted: 0.
num_chunks_returned_to_freelist: 3.
num_chunks_taken_from_freelist: 4509.
num_chunk_merges: 3.
num_chunk_splits: 3342.
num_chunks_enlarged: 2592.
num_inconsistent_stats: 0.

CodeHeap 'non-profiled nmethods': size=120000Kb used=7268Kb max_used=7268Kb free=112732Kb
 bounds [0x000001b707ad0000, 0x000001b7081f0000, 0x000001b70f000000]
CodeHeap 'profiled nmethods': size=120000Kb used=33710Kb max_used=33710Kb free=86289Kb
 bounds [0x000001b700000000, 0x000001b7020f0000, 0x000001b707530000]
CodeHeap 'non-nmethods': size=5760Kb used=1748Kb max_used=1816Kb free=4011Kb
 bounds [0x000001b707530000, 0x000001b7077a0000, 0x000001b707ad0000]
 total_blobs=13548 nmethods=12791 adapters=659
 compilation: enabled
              stopped_count=0, restarted_count=0
 full_count=0

Compilation events (20 events):
Event: 75.628 Thread 0x000001b70fa5a350 14999       3       org.jetbrains.kotlin.load.java.PropertiesConventionUtilKt::propertyNameByGetMethodName (34 bytes)
Event: 75.628 Thread 0x000001b70fa5a350 nmethod 14999 0x000001b7020dd290 code [0x000001b7020dd4e0, 0x000001b7020ddc30]
Event: 75.628 Thread 0x000001b70fa5a350 15002       3       org.jetbrains.kotlin.resolve.calls.components.CollectionTypeVariableUsagesInfo::isComputed (23 bytes)
Event: 75.629 Thread 0x000001b70fa5a350 nmethod 15002 0x000001b7020ddf10 code [0x000001b7020de0e0, 0x000001b7020de520]
Event: 75.629 Thread 0x000001b70fa5a350 14997       3       org.jetbrains.kotlin.types.AbstractTypeApproximator$$Lambda/0x000001b711710000::<init> (10 bytes)
Event: 75.629 Thread 0x000001b70fa5a350 nmethod 14997 0x000001b7020de610 code [0x000001b7020de7c0, 0x000001b7020de978]
Event: 75.629 Thread 0x000001b70fa5a350 15008       1       org.jetbrains.kotlin.psi.KtParameter::getReceiverTypeReference (2 bytes)
Event: 75.629 Thread 0x000001b70fa5a350 nmethod 15008 0x000001b7081e4090 code [0x000001b7081e4220, 0x000001b7081e42f0]
Event: 75.844 Thread 0x000001b70fa569b0 15012   !   4       com.intellij.util.io.FileAccessorCache::getIfCached (38 bytes)
Event: 75.936 Thread 0x000001b70fa569b0 nmethod 15012 0x000001b7081e4390 code [0x000001b7081e4600, 0x000001b7081e5ed0]
Event: 75.936 Thread 0x000001b70fa569b0 15013       4       com.intellij.util.containers.LinkedCustomHashMap::get (90 bytes)
Event: 75.943 Thread 0x000001b70fa569b0 nmethod 15013 0x000001b7081e6610 code [0x000001b7081e67e0, 0x000001b7081e7040]
Event: 75.966 Thread 0x000001b70fa5a350 15014       3       org.jetbrains.kotlin.cli.common.localfs.KotlinLocalVirtualFile::contentsToByteArray (14 bytes)
Event: 75.988 Thread 0x000001b70fa5a350 nmethod 15014 0x000001b7020dea10 code [0x000001b7020debc0, 0x000001b7020ded48]
Event: 75.988 Thread 0x000001b70fa5a350 15015   !   3       com.intellij.openapi.util.io.FileUtil::loadFileBytes (130 bytes)
Event: 75.991 Thread 0x000001b70fa5a350 nmethod 15015 0x000001b7020dee10 code [0x000001b7020df1c0, 0x000001b7020e0338]
Event: 75.991 Thread 0x000001b70fa5a350 15016       3       java.io.File::length (33 bytes)
Event: 75.991 Thread 0x000001b70fa5a350 nmethod 15016 0x000001b7020e0c90 code [0x000001b7020e0e60, 0x000001b7020e1130]
Event: 76.093 Thread 0x000001b76074c000 15017       4       org.jetbrains.org.objectweb.asm.ClassReader::readField (666 bytes)
Event: 76.411 Thread 0x000001b70fa569b0 15018       4       java.io.DataInputStream::readInt (19 bytes)

GC Heap History (20 events):
Event: 53.512 GC heap before
{Heap before GC invocations=43 (full 0):
 garbage-first heap   total 165888K, used 151083K [0x0000000084400000, 0x0000000100000000)
  region size 1024K, 51 young (52224K), 5 survivors (5120K)
 Metaspace       used 73458K, committed 74432K, reserved 1179648K
  class space    used 8542K, committed 8960K, reserved 1048576K
}
Event: 53.526 GC heap after
{Heap after GC invocations=44 (full 0):
 garbage-first heap   total 199680K, used 108030K [0x0000000084400000, 0x0000000100000000)
  region size 1024K, 7 young (7168K), 7 survivors (7168K)
 Metaspace       used 73458K, committed 74432K, reserved 1179648K
  class space    used 8542K, committed 8960K, reserved 1048576K
}
Event: 54.969 GC heap before
{Heap before GC invocations=44 (full 0):
 garbage-first heap   total 199680K, used 135678K [0x0000000084400000, 0x0000000100000000)
  region size 1024K, 35 young (35840K), 7 survivors (7168K)
 Metaspace       used 74090K, committed 75072K, reserved 1179648K
  class space    used 8570K, committed 9024K, reserved 1048576K
}
Event: 54.982 GC heap after
{Heap after GC invocations=45 (full 0):
 garbage-first heap   total 199680K, used 111403K [0x0000000084400000, 0x0000000100000000)
  region size 1024K, 4 young (4096K), 4 survivors (4096K)
 Metaspace       used 74090K, committed 75072K, reserved 1179648K
  class space    used 8570K, committed 9024K, reserved 1048576K
}
Event: 56.610 GC heap before
{Heap before GC invocations=46 (full 0):
 garbage-first heap   total 199680K, used 181035K [0x0000000084400000, 0x0000000100000000)
  region size 1024K, 68 young (69632K), 4 survivors (4096K)
 Metaspace       used 74271K, committed 75200K, reserved 1179648K
  class space    used 8571K, committed 9024K, reserved 1048576K
}
Event: 56.624 GC heap after
{Heap after GC invocations=47 (full 0):
 garbage-first heap   total 199680K, used 119366K [0x0000000084400000, 0x0000000100000000)
  region size 1024K, 9 young (9216K), 9 survivors (9216K)
 Metaspace       used 74271K, committed 75200K, reserved 1179648K
  class space    used 8571K, committed 9024K, reserved 1048576K
}
Event: 59.191 GC heap before
{Heap before GC invocations=47 (full 0):
 garbage-first heap   total 199680K, used 180806K [0x0000000084400000, 0x0000000100000000)
  region size 1024K, 66 young (67584K), 9 survivors (9216K)
 Metaspace       used 75020K, committed 76032K, reserved 1179648K
  class space    used 8634K, committed 9088K, reserved 1048576K
}
Event: 59.213 GC heap after
{Heap after GC invocations=48 (full 0):
 garbage-first heap   total 202752K, used 128500K [0x0000000084400000, 0x0000000100000000)
  region size 1024K, 9 young (9216K), 9 survivors (9216K)
 Metaspace       used 75020K, committed 76032K, reserved 1179648K
  class space    used 8634K, committed 9088K, reserved 1048576K
}
Event: 62.931 GC heap before
{Heap before GC invocations=48 (full 0):
 garbage-first heap   total 202752K, used 173556K [0x0000000084400000, 0x0000000100000000)
  region size 1024K, 54 young (55296K), 9 survivors (9216K)
 Metaspace       used 76401K, committed 77440K, reserved 1179648K
  class space    used 8703K, committed 9216K, reserved 1048576K
}
Event: 62.954 GC heap after
{Heap after GC invocations=49 (full 0):
 garbage-first heap   total 202752K, used 135000K [0x0000000084400000, 0x0000000100000000)
  region size 1024K, 8 young (8192K), 8 survivors (8192K)
 Metaspace       used 76401K, committed 77440K, reserved 1179648K
  class space    used 8703K, committed 9216K, reserved 1048576K
}
Event: 63.708 GC heap before
{Heap before GC invocations=50 (full 0):
 garbage-first heap   total 230400K, used 184152K [0x0000000084400000, 0x0000000100000000)
  region size 1024K, 53 young (54272K), 8 survivors (8192K)
 Metaspace       used 76435K, committed 77440K, reserved 1179648K
  class space    used 8705K, committed 9216K, reserved 1048576K
}
Event: 63.735 GC heap after
{Heap after GC invocations=51 (full 0):
 garbage-first heap   total 230400K, used 141084K [0x0000000084400000, 0x0000000100000000)
  region size 1024K, 6 young (6144K), 6 survivors (6144K)
 Metaspace       used 76435K, committed 77440K, reserved 1179648K
  class space    used 8705K, committed 9216K, reserved 1048576K
}
Event: 67.753 GC heap before
{Heap before GC invocations=51 (full 0):
 garbage-first heap   total 230400K, used 209692K [0x0000000084400000, 0x0000000100000000)
  region size 1024K, 71 young (72704K), 6 survivors (6144K)
 Metaspace       used 77222K, committed 78208K, reserved 1179648K
  class space    used 8731K, committed 9216K, reserved 1048576K
}
Event: 67.799 GC heap after
{Heap after GC invocations=52 (full 0):
 garbage-first heap   total 230400K, used 148607K [0x0000000084400000, 0x0000000100000000)
  region size 1024K, 9 young (9216K), 9 survivors (9216K)
 Metaspace       used 77222K, committed 78208K, reserved 1179648K
  class space    used 8731K, committed 9216K, reserved 1048576K
}
Event: 67.864 GC heap before
{Heap before GC invocations=52 (full 0):
 garbage-first heap   total 230400K, used 152703K [0x0000000084400000, 0x0000000100000000)
  region size 1024K, 14 young (14336K), 9 survivors (9216K)
 Metaspace       used 77238K, committed 78208K, reserved 1179648K
  class space    used 8731K, committed 9216K, reserved 1048576K
}
Event: 67.875 GC heap after
{Heap after GC invocations=53 (full 0):
 garbage-first heap   total 230400K, used 151445K [0x0000000084400000, 0x0000000100000000)
  region size 1024K, 2 young (2048K), 2 survivors (2048K)
 Metaspace       used 77238K, committed 78208K, reserved 1179648K
  class space    used 8731K, committed 9216K, reserved 1048576K
}
Event: 70.140 GC heap before
{Heap before GC invocations=54 (full 0):
 garbage-first heap   total 254976K, used 209813K [0x0000000084400000, 0x0000000100000000)
  region size 1024K, 57 young (58368K), 2 survivors (2048K)
 Metaspace       used 77599K, committed 78592K, reserved 1179648K
  class space    used 8741K, committed 9216K, reserved 1048576K
}
Event: 70.158 GC heap after
{Heap after GC invocations=55 (full 0):
 garbage-first heap   total 254976K, used 157502K [0x0000000084400000, 0x0000000100000000)
  region size 1024K, 7 young (7168K), 7 survivors (7168K)
 Metaspace       used 77599K, committed 78592K, reserved 1179648K
  class space    used 8741K, committed 9216K, reserved 1048576K
}
Event: 72.139 GC heap before
{Heap before GC invocations=55 (full 0):
 garbage-first heap   total 254976K, used 230206K [0x0000000084400000, 0x0000000100000000)
  region size 1024K, 75 young (76800K), 7 survivors (7168K)
 Metaspace       used 77905K, committed 78912K, reserved 1179648K
  class space    used 8754K, committed 9216K, reserved 1048576K
}
Event: 72.160 GC heap after
{Heap after GC invocations=56 (full 0):
 garbage-first heap   total 254976K, used 164867K [0x0000000084400000, 0x0000000100000000)
  region size 1024K, 10 young (10240K), 10 survivors (10240K)
 Metaspace       used 77905K, committed 78912K, reserved 1179648K
  class space    used 8754K, committed 9216K, reserved 1048576K
}

Dll operation events (8 events):
Event: 0.035 Loaded shared library C:\Program Files\Eclipse Adoptium\jdk-21.0.7.6-hotspot\bin\java.dll
Event: 0.143 Loaded shared library C:\Program Files\Eclipse Adoptium\jdk-21.0.7.6-hotspot\bin\jsvml.dll
Event: 0.295 Loaded shared library C:\Program Files\Eclipse Adoptium\jdk-21.0.7.6-hotspot\bin\net.dll
Event: 0.302 Loaded shared library C:\Program Files\Eclipse Adoptium\jdk-21.0.7.6-hotspot\bin\nio.dll
Event: 0.329 Loaded shared library C:\Program Files\Eclipse Adoptium\jdk-21.0.7.6-hotspot\bin\zip.dll
Event: 0.688 Loaded shared library C:\Program Files\Eclipse Adoptium\jdk-21.0.7.6-hotspot\bin\jimage.dll
Event: 3.648 Loaded shared library C:\Program Files\Eclipse Adoptium\jdk-21.0.7.6-hotspot\bin\verify.dll
Event: 7.437 Loaded shared library C:\Users\dttsi\AppData\Local\Temp\sqlite-3.41.2.1-8c400d29-1d9a-4845-9f55-0ddfd6b6a166-sqlitejdbc.dll

Deoptimization events (20 events):
Event: 72.344 Thread 0x000001b75516f680 Uncommon trap: trap_request=0xffffff45 fr.pc=0x000001b707dafcf0 relative=0x00000000000002b0
Event: 72.344 Thread 0x000001b75516f680 Uncommon trap: reason=unstable_if action=reinterpret pc=0x000001b707dafcf0 method=java.util.HashMap.getNode(Ljava/lang/Object;)Ljava/util/HashMap$Node; @ 131 c2
Event: 72.344 Thread 0x000001b75516f680 DEOPT PACKING pc=0x000001b707dafcf0 sp=0x00000082d39f94d0
Event: 72.344 Thread 0x000001b75516f680 DEOPT UNPACKING pc=0x000001b7075846a2 sp=0x00000082d39f93e8 mode 2
Event: 75.557 Thread 0x000001b75f257ef0 Uncommon trap: trap_request=0xffffffbe fr.pc=0x000001b7081de10c relative=0x0000000000000c8c
Event: 75.557 Thread 0x000001b75f257ef0 Uncommon trap: reason=profile_predicate action=maybe_recompile pc=0x000001b7081de10c method=it.unimi.dsi.fastutil.objects.ObjectOpenHashSet.contains(Ljava/lang/Object;)Z @ 64 c2
Event: 75.557 Thread 0x000001b75f257ef0 DEOPT PACKING pc=0x000001b7081de10c sp=0x00000082d3bfeac0
Event: 75.557 Thread 0x000001b75f257ef0 DEOPT UNPACKING pc=0x000001b7075846a2 sp=0x00000082d3bfea58 mode 2
Event: 75.557 Thread 0x000001b75f257ef0 Uncommon trap: trap_request=0xffffffbe fr.pc=0x000001b7081de10c relative=0x0000000000000c8c
Event: 75.557 Thread 0x000001b75f257ef0 Uncommon trap: reason=profile_predicate action=maybe_recompile pc=0x000001b7081de10c method=it.unimi.dsi.fastutil.objects.ObjectOpenHashSet.contains(Ljava/lang/Object;)Z @ 64 c2
Event: 75.557 Thread 0x000001b75f257ef0 DEOPT PACKING pc=0x000001b7081de10c sp=0x00000082d3bfeac0
Event: 75.557 Thread 0x000001b75f257ef0 DEOPT UNPACKING pc=0x000001b7075846a2 sp=0x00000082d3bfea58 mode 2
Event: 75.557 Thread 0x000001b75f257ef0 Uncommon trap: trap_request=0xffffffbe fr.pc=0x000001b7081de10c relative=0x0000000000000c8c
Event: 75.557 Thread 0x000001b75f257ef0 Uncommon trap: reason=profile_predicate action=maybe_recompile pc=0x000001b7081de10c method=it.unimi.dsi.fastutil.objects.ObjectOpenHashSet.contains(Ljava/lang/Object;)Z @ 64 c2
Event: 75.557 Thread 0x000001b75f257ef0 DEOPT PACKING pc=0x000001b7081de10c sp=0x00000082d3bfeac0
Event: 75.564 Thread 0x000001b75f257ef0 DEOPT UNPACKING pc=0x000001b7075846a2 sp=0x00000082d3bfea58 mode 2
Event: 75.564 Thread 0x000001b75f257ef0 Uncommon trap: trap_request=0xffffffbe fr.pc=0x000001b7081de10c relative=0x0000000000000c8c
Event: 75.564 Thread 0x000001b75f257ef0 Uncommon trap: reason=profile_predicate action=maybe_recompile pc=0x000001b7081de10c method=it.unimi.dsi.fastutil.objects.ObjectOpenHashSet.contains(Ljava/lang/Object;)Z @ 64 c2
Event: 75.564 Thread 0x000001b75f257ef0 DEOPT PACKING pc=0x000001b7081de10c sp=0x00000082d3bfeac0
Event: 75.564 Thread 0x000001b75f257ef0 DEOPT UNPACKING pc=0x000001b7075846a2 sp=0x00000082d3bfea58 mode 2

Classes loaded (20 events):
Event: 54.897 Loading class java/util/ResourceBundle$CacheKeyReference done
Event: 54.897 Loading class java/util/ResourceBundle$KeyElementReference done
Event: 54.899 Loading class java/util/ResourceBundle$3
Event: 54.899 Loading class java/util/ResourceBundle$3 done
Event: 54.902 Loading class sun/util/logging/resources/logging
Event: 54.902 Loading class sun/util/logging/resources/logging done
Event: 54.903 Loading class java/util/ResourceBundle$BundleReference
Event: 54.904 Loading class java/util/ResourceBundle$BundleReference done
Event: 54.905 Loading class sun/util/logging/resources/logging_en
Event: 54.905 Loading class sun/util/logging/resources/logging_en done
Event: 54.905 Loading class sun/util/logging/resources/logging_en
Event: 54.905 Loading class sun/util/logging/resources/logging_en done
Event: 54.911 Loading class sun/util/logging/resources/logging_en_PH
Event: 54.911 Loading class sun/util/logging/resources/logging_en_PH done
Event: 54.911 Loading class sun/util/logging/resources/logging_en_PH
Event: 54.911 Loading class sun/util/logging/resources/logging_en_PH done
Event: 54.913 Loading class java/util/Formatter$DateTime
Event: 54.913 Loading class java/util/Formatter$DateTime done
Event: 54.915 Loading class java/time/ZonedDateTime$1
Event: 54.915 Loading class java/time/ZonedDateTime$1 done

Classes unloaded (0 events):
No events

Classes redefined (0 events):
No events

Internal exceptions (20 events):
Event: 42.209 Thread 0x000001b75516e2d0 Exception <a 'java/lang/NoSuchMethodError'{0x000000008959e050}: 'int java.lang.invoke.DirectMethodHandle$Holder.invokeSpecialIFC(java.lang.Object, java.lang.Object, java.lang.Object)'> (0x000000008959e050) 
thrown [s\src\hotspot\share\interpreter\linkResolver.cpp, line 773]
Event: 42.290 Thread 0x000001b75516e2d0 Exception <a 'java/lang/NoSuchMethodError'{0x0000000089492f18}: 'java.lang.Object java.lang.invoke.DirectMethodHandle$Holder.invokeStatic(java.lang.Object, int, int, java.lang.Object)'> (0x0000000089492f18) 
thrown [s\src\hotspot\share\interpreter\linkResolver.cpp, line 773]
Event: 42.500 Thread 0x000001b75f257ef0 Exception <a 'java/lang/NoSuchMethodError'{0x0000000088d881e8}: 'java.lang.Object java.lang.invoke.DirectMethodHandle$Holder.invokeStatic(java.lang.Object, java.lang.Object, java.lang.Object, java.lang.Object, long, java.lang.Object)'> (0x0000000088d881e8) 
thrown [s\src\hotspot\share\interpreter\linkResolver.cpp, line 773]
Event: 42.519 Thread 0x000001b75f257ef0 Exception <a 'java/lang/NoSuchMethodError'{0x0000000088d8f5f8}: 'java.lang.Object java.lang.invoke.DirectMethodHandle$Holder.newInvokeSpecial(java.lang.Object, java.lang.Object, java.lang.Object, java.lang.Object, long)'> (0x0000000088d8f5f8) 
thrown [s\src\hotspot\share\interpreter\linkResolver.cpp, line 773]
Event: 42.527 Thread 0x000001b75f257ef0 Exception <a 'java/lang/NoSuchMethodError'{0x0000000088d93328}: 'java.lang.Object java.lang.invoke.DirectMethodHandle$Holder.invokeSpecial(java.lang.Object, java.lang.Object, java.lang.Object, java.lang.Object, java.lang.Object, long)'> (0x0000000088d93328) 
thrown [s\src\hotspot\share\interpreter\linkResolver.cpp, line 773]
Event: 42.528 Thread 0x000001b75f257ef0 Exception <a 'java/lang/NoSuchMethodError'{0x0000000088d96af8}: 'java.lang.Object java.lang.invoke.Invokers$Holder.linkToTargetMethod(java.lang.Object, java.lang.Object, java.lang.Object, long, java.lang.Object)'> (0x0000000088d96af8) 
thrown [s\src\hotspot\share\interpreter\linkResolver.cpp, line 773]
Event: 46.591 Thread 0x000001b75516f680 Exception <a 'java/lang/NoSuchMethodError'{0x00000000fff79a38}: 'java.lang.Object java.lang.invoke.DirectMethodHandle$Holder.newInvokeSpecial(java.lang.Object, int, java.lang.Object)'> (0x00000000fff79a38) 
thrown [s\src\hotspot\share\interpreter\linkResolver.cpp, line 773]
Event: 48.316 Thread 0x000001b75516f680 Exception <a 'java/lang/NoSuchMethodError'{0x000000008d9500c0}: 'java.lang.Object java.lang.invoke.DirectMethodHandle$Holder.invokeStatic(java.lang.Object, java.lang.Object, int, java.lang.Object)'> (0x000000008d9500c0) 
thrown [s\src\hotspot\share\interpreter\linkResolver.cpp, line 773]
Event: 48.317 Thread 0x000001b75516f680 Exception <a 'java/lang/NoSuchMethodError'{0x000000008d9572c8}: 'java.lang.Object java.lang.invoke.DirectMethodHandle$Holder.newInvokeSpecial(java.lang.Object, java.lang.Object, int, java.lang.Object)'> (0x000000008d9572c8) 
thrown [s\src\hotspot\share\interpreter\linkResolver.cpp, line 773]
Event: 48.319 Thread 0x000001b75516f680 Exception <a 'java/lang/NoSuchMethodError'{0x000000008d95b418}: 'java.lang.Object java.lang.invoke.DirectMethodHandle$Holder.invokeSpecial(java.lang.Object, java.lang.Object, java.lang.Object, int, java.lang.Object)'> (0x000000008d95b418) 
thrown [s\src\hotspot\share\interpreter\linkResolver.cpp, line 773]
Event: 48.320 Thread 0x000001b75516f680 Exception <a 'java/lang/NoSuchMethodError'{0x000000008d95f0e0}: 'java.lang.Object java.lang.invoke.Invokers$Holder.linkToTargetMethod(java.lang.Object, int, java.lang.Object, java.lang.Object)'> (0x000000008d95f0e0) 
thrown [s\src\hotspot\share\interpreter\linkResolver.cpp, line 773]
Event: 48.354 Thread 0x000001b75516f680 Exception <a 'java/lang/NoSuchMethodError'{0x000000008d9c4360}: 'java.lang.Object java.lang.invoke.DirectMethodHandle$Holder.newInvokeSpecial(java.lang.Object, java.lang.Object, java.lang.Object, java.lang.Object, int, int)'> (0x000000008d9c4360) 
thrown [s\src\hotspot\share\interpreter\linkResolver.cpp, line 773]
Event: 51.253 Thread 0x000001b75516f680 Exception <a 'java/lang/NoSuchMethodError'{0x000000008e370440}: 'java.lang.Object java.lang.invoke.DirectMethodHandle$Holder.newInvokeSpecial(java.lang.Object, java.lang.Object, java.lang.Object, java.lang.Object, java.lang.Object, java.lang.Object, java.lang.Object, int, java.lang.Object)'> (0x000000008e370440) 
thrown [s\src\hotspot\share\interpreter\linkResolver.cpp, line 773]
Event: 51.360 Thread 0x000001b75516f680 Exception <a 'java/lang/NoSuchMethodError'{0x000000008e1c2be0}: 'java.lang.Object java.lang.invoke.DirectMethodHandle$Holder.newInvokeSpecial(java.lang.Object, int, java.lang.Object, java.lang.Object)'> (0x000000008e1c2be0) 
thrown [s\src\hotspot\share\interpreter\linkResolver.cpp, line 773]
Event: 51.361 Thread 0x000001b75516f680 Exception <a 'java/lang/NoSuchMethodError'{0x000000008e1c6d40}: 'java.lang.Object java.lang.invoke.DirectMethodHandle$Holder.invokeSpecial(java.lang.Object, java.lang.Object, int, java.lang.Object, java.lang.Object)'> (0x000000008e1c6d40) 
thrown [s\src\hotspot\share\interpreter\linkResolver.cpp, line 773]
Event: 54.900 Thread 0x000001b75654e910 Exception <a 'java/lang/ClassNotFoundException'{0x000000008eb006c8}: sun/util/logging/resources/spi/loggingProvider> (0x000000008eb006c8) 
thrown [s\src\hotspot\share\classfile\systemDictionary.cpp, line 312]
Event: 61.988 Thread 0x000001b75516f680 Exception <a 'java/lang/NoSuchMethodError'{0x000000008e230218}: 'java.lang.Object java.lang.invoke.DirectMethodHandle$Holder.invokeStatic(java.lang.Object, java.lang.Object, java.lang.Object, java.lang.Object, java.lang.Object, int, java.lang.Object)'> (0x000000008e230218) 
thrown [s\src\hotspot\share\interpreter\linkResolver.cpp, line 773]
Event: 62.021 Thread 0x000001b75516f680 Exception <a 'java/lang/NoSuchMethodError'{0x000000008e239720}: 'java.lang.Object java.lang.invoke.DirectMethodHandle$Holder.newInvokeSpecial(java.lang.Object, java.lang.Object, java.lang.Object, java.lang.Object, java.lang.Object, int, java.lang.Object)'> (0x000000008e239720) 
thrown [s\src\hotspot\share\interpreter\linkResolver.cpp, line 773]
Event: 62.022 Thread 0x000001b75516f680 Exception <a 'java/lang/NoSuchMethodError'{0x000000008e23deb8}: 'java.lang.Object java.lang.invoke.DirectMethodHandle$Holder.invokeSpecial(java.lang.Object, java.lang.Object, java.lang.Object, java.lang.Object, java.lang.Object, java.lang.Object, int, java.lang.Object)'> (0x000000008e23deb8) 
thrown [s\src\hotspot\share\interpreter\linkResolver.cpp, line 773]
Event: 62.023 Thread 0x000001b75516f680 Exception <a 'java/lang/NoSuchMethodError'{0x000000008e241d10}: 'java.lang.Object java.lang.invoke.Invokers$Holder.linkToTargetMethod(java.lang.Object, java.lang.Object, java.lang.Object, java.lang.Object, int, java.lang.Object, java.lang.Object)'> (0x000000008e241d10) 
thrown [s\src\hotspot\share\interpreter\linkResolver.cpp, line 773]

ZGC Phase Switch (0 events):
No events

VM Operations (20 events):
Event: 68.253 Executing VM operation: G1PauseCleanup
Event: 68.254 Executing VM operation: G1PauseCleanup done
Event: 68.486 Executing VM operation: ICBufferFull
Event: 68.487 Executing VM operation: ICBufferFull done
Event: 69.067 Executing VM operation: ICBufferFull
Event: 69.068 Executing VM operation: ICBufferFull done
Event: 70.074 Executing VM operation: Cleanup
Event: 70.078 Executing VM operation: Cleanup done
Event: 70.140 Executing VM operation: G1CollectForAllocation (G1 Evacuation Pause)
Event: 70.158 Executing VM operation: G1CollectForAllocation (G1 Evacuation Pause) done
Event: 71.167 Executing VM operation: Cleanup
Event: 71.168 Executing VM operation: Cleanup done
Event: 71.807 Executing VM operation: ICBufferFull
Event: 71.807 Executing VM operation: ICBufferFull done
Event: 72.138 Executing VM operation: G1CollectForAllocation (G1 Evacuation Pause)
Event: 72.160 Executing VM operation: G1CollectForAllocation (G1 Evacuation Pause) done
Event: 73.162 Executing VM operation: Cleanup
Event: 73.475 Executing VM operation: Cleanup done
Event: 76.490 Executing VM operation: Cleanup
Event: 76.490 Executing VM operation: Cleanup done

Memory protections (0 events):
No events

Nmethod flushes (20 events):
Event: 68.100 Thread 0x000001b70fa23420 flushing  nmethod 0x000001b700924890
Event: 68.100 Thread 0x000001b70fa23420 flushing  nmethod 0x000001b700974b10
Event: 68.100 Thread 0x000001b70fa23420 flushing  nmethod 0x000001b70097aa10
Event: 68.100 Thread 0x000001b70fa23420 flushing  nmethod 0x000001b70097c090
Event: 68.100 Thread 0x000001b70fa23420 flushing  nmethod 0x000001b70097cc10
Event: 68.100 Thread 0x000001b70fa23420 flushing  nmethod 0x000001b700988f90
Event: 68.100 Thread 0x000001b70fa23420 flushing  nmethod 0x000001b70098a510
Event: 68.100 Thread 0x000001b70fa23420 flushing  nmethod 0x000001b70098c210
Event: 68.100 Thread 0x000001b70fa23420 flushing  nmethod 0x000001b700a66710
Event: 68.100 Thread 0x000001b70fa23420 flushing  nmethod 0x000001b700dede90
Event: 68.100 Thread 0x000001b70fa23420 flushing  nmethod 0x000001b70103ab10
Event: 68.100 Thread 0x000001b70fa23420 flushing  nmethod 0x000001b70103c610
Event: 68.100 Thread 0x000001b70fa23420 flushing  nmethod 0x000001b701040490
Event: 68.100 Thread 0x000001b70fa23420 flushing  nmethod 0x000001b701484290
Event: 68.100 Thread 0x000001b70fa23420 flushing  nmethod 0x000001b701485b90
Event: 68.100 Thread 0x000001b70fa23420 flushing  nmethod 0x000001b701486010
Event: 68.100 Thread 0x000001b70fa23420 flushing  nmethod 0x000001b701494410
Event: 68.100 Thread 0x000001b70fa23420 flushing  nmethod 0x000001b70159d110
Event: 68.100 Thread 0x000001b70fa23420 flushing  nmethod 0x000001b7015fbb10
Event: 68.100 Thread 0x000001b70fa23420 flushing  nmethod 0x000001b701720890

Events (20 events):
Event: 7.503 Thread 0x000001b70fa5a350 Thread added: 0x000001b760122820
Event: 8.665 Thread 0x000001b760122820 Thread exited: 0x000001b760122820
Event: 10.464 Thread 0x000001b70fa5a350 Thread added: 0x000001b7600bb010
Event: 10.606 Thread 0x000001b7600bb010 Thread exited: 0x000001b7600bb010
Event: 10.673 Thread 0x000001b7566f9db0 Thread added: 0x000001b7600bb010
Event: 10.724 Thread 0x000001b70fa569b0 Thread added: 0x000001b7550b8750
Event: 11.532 Thread 0x000001b7566f9db0 Thread added: 0x000001b75516f680
Event: 11.754 Thread 0x000001b75654e910 Thread added: 0x000001b75516e2d0
Event: 11.899 Thread 0x000001b7550b8750 Thread exited: 0x000001b7550b8750
Event: 13.180 Thread 0x000001b70fa5a350 Thread added: 0x000001b75f8062c0
Event: 14.268 Thread 0x000001b75f8062c0 Thread exited: 0x000001b75f8062c0
Event: 18.253 Thread 0x000001b70fa5a350 Thread added: 0x000001b75f85aa30
Event: 18.749 Thread 0x000001b75f85aa30 Thread exited: 0x000001b75f85aa30
Event: 26.896 Thread 0x000001b70fa5a350 Thread added: 0x000001b70fd59c30
Event: 27.526 Thread 0x000001b70fd59c30 Thread exited: 0x000001b70fd59c30
Event: 41.996 Thread 0x000001b70fa5a350 Thread added: 0x000001b760335620
Event: 42.303 Thread 0x000001b75516e2d0 Thread added: 0x000001b75f257ef0
Event: 52.914 Thread 0x000001b760335620 Thread exited: 0x000001b760335620
Event: 75.594 Thread 0x000001b70fa5a350 Thread added: 0x000001b76074e8e0
Event: 75.614 Thread 0x000001b70fa5a350 Thread added: 0x000001b76074c000


Dynamic libraries:
0x00007ff79eeb0000 - 0x00007ff79eebe000 	C:\Program Files\Eclipse Adoptium\jdk-21.0.7.6-hotspot\bin\java.exe
0x00007ffd82880000 - 0x00007ffd82ae7000 	C:\WINDOWS\SYSTEM32\ntdll.dll
0x00007ffd81930000 - 0x00007ffd819f9000 	C:\WINDOWS\System32\KERNEL32.DLL
0x00007ffd7f9b0000 - 0x00007ffd7fda0000 	C:\WINDOWS\System32\KERNELBASE.dll
0x00007ffd80410000 - 0x00007ffd8055b000 	C:\WINDOWS\System32\ucrtbase.dll
0x00007ffd75190000 - 0x00007ffd751ae000 	C:\Program Files\Eclipse Adoptium\jdk-21.0.7.6-hotspot\bin\VCRUNTIME140.dll
0x00007ffd75680000 - 0x00007ffd75698000 	C:\Program Files\Eclipse Adoptium\jdk-21.0.7.6-hotspot\bin\jli.dll
0x00007ffd80670000 - 0x00007ffd80835000 	C:\WINDOWS\System32\USER32.dll
0x00007ffd803e0000 - 0x00007ffd80407000 	C:\WINDOWS\System32\win32u.dll
0x00007ffd81b50000 - 0x00007ffd81b7b000 	C:\WINDOWS\System32\GDI32.dll
0x00007ffd7ffc0000 - 0x00007ffd800f8000 	C:\WINDOWS\System32\gdi32full.dll
0x00007ffd80560000 - 0x00007ffd80603000 	C:\WINDOWS\System32\msvcp_win.dll
0x00007ffd61f10000 - 0x00007ffd621aa000 	C:\WINDOWS\WinSxS\amd64_microsoft.windows.common-controls_6595b64144ccf1df_6.0.26100.4768_none_3e0c112ce331287c\COMCTL32.dll
0x00007ffd826e0000 - 0x00007ffd82789000 	C:\WINDOWS\System32\msvcrt.dll
0x00007ffd81ac0000 - 0x00007ffd81aef000 	C:\WINDOWS\System32\IMM32.DLL
0x00007ffd765b0000 - 0x00007ffd765bc000 	C:\Program Files\Eclipse Adoptium\jdk-21.0.7.6-hotspot\bin\vcruntime140_1.dll
0x00007ffd750c0000 - 0x00007ffd7514d000 	C:\Program Files\Eclipse Adoptium\jdk-21.0.7.6-hotspot\bin\msvcp140.dll
0x00007ffcf27d0000 - 0x00007ffcf3560000 	C:\Program Files\Eclipse Adoptium\jdk-21.0.7.6-hotspot\bin\server\jvm.dll
0x00007ffd81450000 - 0x00007ffd81504000 	C:\WINDOWS\System32\ADVAPI32.dll
0x00007ffd80a10000 - 0x00007ffd80ab6000 	C:\WINDOWS\System32\sechost.dll
0x00007ffd808f0000 - 0x00007ffd80a08000 	C:\WINDOWS\System32\RPCRT4.dll
0x00007ffd82450000 - 0x00007ffd824c4000 	C:\WINDOWS\System32\WS2_32.dll
0x00007ffd76b70000 - 0x00007ffd76b7b000 	C:\WINDOWS\SYSTEM32\VERSION.dll
0x00007ffd7f830000 - 0x00007ffd7f88e000 	C:\WINDOWS\SYSTEM32\POWRPROF.dll
0x00007ffd75d90000 - 0x00007ffd75dc5000 	C:\WINDOWS\SYSTEM32\WINMM.dll
0x00007ffd7f810000 - 0x00007ffd7f824000 	C:\WINDOWS\SYSTEM32\UMPDC.dll
0x00007ffd7e710000 - 0x00007ffd7e72b000 	C:\WINDOWS\SYSTEM32\kernel.appcore.dll
0x00007ffd755d0000 - 0x00007ffd755da000 	C:\Program Files\Eclipse Adoptium\jdk-21.0.7.6-hotspot\bin\jimage.dll
0x00007ffd7c8e0000 - 0x00007ffd7cb21000 	C:\WINDOWS\SYSTEM32\DBGHELP.DLL
0x00007ffd81520000 - 0x00007ffd818a5000 	C:\WINDOWS\System32\combase.dll
0x00007ffd80ac0000 - 0x00007ffd80ba0000 	C:\WINDOWS\System32\OLEAUT32.dll
0x00007ffd4bc70000 - 0x00007ffd4bcb3000 	C:\WINDOWS\SYSTEM32\dbgcore.DLL
0x00007ffd80100000 - 0x00007ffd80199000 	C:\WINDOWS\System32\bcryptPrimitives.dll
0x00007ffd74fd0000 - 0x00007ffd74fef000 	C:\Program Files\Eclipse Adoptium\jdk-21.0.7.6-hotspot\bin\java.dll
0x00007ffd81d00000 - 0x00007ffd8244d000 	C:\WINDOWS\System32\SHELL32.dll
0x00007ffd80260000 - 0x00007ffd803d3000 	C:\WINDOWS\System32\wintypes.dll
0x00007ffd7d560000 - 0x00007ffd7ddbf000 	C:\WINDOWS\SYSTEM32\windows.storage.dll
0x00007ffd825e0000 - 0x00007ffd826d5000 	C:\WINDOWS\System32\SHCORE.dll
0x00007ffd81040000 - 0x00007ffd810aa000 	C:\WINDOWS\System32\shlwapi.dll
0x00007ffd7f8d0000 - 0x00007ffd7f8f9000 	C:\WINDOWS\SYSTEM32\profapi.dll
0x00007ffd22250000 - 0x00007ffd22327000 	C:\Program Files\Eclipse Adoptium\jdk-21.0.7.6-hotspot\bin\jsvml.dll
0x00007ffd75010000 - 0x00007ffd75020000 	C:\Program Files\Eclipse Adoptium\jdk-21.0.7.6-hotspot\bin\net.dll
0x00007ffd77250000 - 0x00007ffd7736e000 	C:\WINDOWS\SYSTEM32\WINHTTP.dll
0x00007ffd7ecc0000 - 0x00007ffd7ed2b000 	C:\WINDOWS\system32\mswsock.dll
0x00007ffd6e3a0000 - 0x00007ffd6e3b6000 	C:\Program Files\Eclipse Adoptium\jdk-21.0.7.6-hotspot\bin\nio.dll
0x00007ffd6e380000 - 0x00007ffd6e398000 	C:\Program Files\Eclipse Adoptium\jdk-21.0.7.6-hotspot\bin\zip.dll
0x00007ffd7ef80000 - 0x00007ffd7ef9b000 	C:\WINDOWS\SYSTEM32\CRYPTSP.dll
0x00007ffd7e670000 - 0x00007ffd7e6ab000 	C:\WINDOWS\system32\rsaenh.dll
0x00007ffd7ed60000 - 0x00007ffd7ed8b000 	C:\WINDOWS\SYSTEM32\USERENV.dll
0x00007ffd7f8a0000 - 0x00007ffd7f8c6000 	C:\WINDOWS\SYSTEM32\bcrypt.dll
0x00007ffd7efa0000 - 0x00007ffd7efac000 	C:\WINDOWS\SYSTEM32\CRYPTBASE.dll
0x00007ffd7e0e0000 - 0x00007ffd7e113000 	C:\WINDOWS\SYSTEM32\IPHLPAPI.DLL
0x00007ffd808e0000 - 0x00007ffd808ea000 	C:\WINDOWS\System32\NSI.dll
0x00007ffd74f20000 - 0x00007ffd74f30000 	C:\Program Files\Eclipse Adoptium\jdk-21.0.7.6-hotspot\bin\verify.dll
0x00007ffd215f0000 - 0x00007ffd216d9000 	C:\Users\dttsi\AppData\Local\Temp\sqlite-3.41.2.1-8c400d29-1d9a-4845-9f55-0ddfd6b6a166-sqlitejdbc.dll

dbghelp: loaded successfully - version: 4.0.5 - missing functions: none
symbol engine: initialized successfully - sym options: 0x614 - pdb path: .;C:\Program Files\Eclipse Adoptium\jdk-21.0.7.6-hotspot\bin;C:\WINDOWS\SYSTEM32;C:\WINDOWS\WinSxS\amd64_microsoft.windows.common-controls_6595b64144ccf1df_6.0.26100.4768_none_3e0c112ce331287c;C:\Program Files\Eclipse Adoptium\jdk-21.0.7.6-hotspot\bin\server;C:\Users\dttsi\AppData\Local\Temp

VM Arguments:
jvm_args: -DkotlinLanguageServer.version=1.3.13 
java_command: org.javacs.kt.MainKt
java_class_path (initial): c:\Users\dttsi\AppData\Roaming\Code\User\globalStorage\fwcd.kotlin\langServerInstall\server\lib\server-1.3.13.jar;c:\Users\dttsi\AppData\Roaming\Code\User\globalStorage\fwcd.kotlin\langServerInstall\server\lib\shared-1.3.13.jar;c:\Users\dttsi\AppData\Roaming\Code\User\globalStorage\fwcd.kotlin\langServerInstall\server\lib\kotlin-scripting-jvm-host-unshaded-2.1.0.jar;c:\Users\dttsi\AppData\Roaming\Code\User\globalStorage\fwcd.kotlin\langServerInstall\server\lib\kotlin-scripting-compiler-2.1.0.jar;c:\Users\dttsi\AppData\Roaming\Code\User\globalStorage\fwcd.kotlin\langServerInstall\server\lib\ktfmt-b5d31d1.jar;c:\Users\dttsi\AppData\Roaming\Code\User\globalStorage\fwcd.kotlin\langServerInstall\server\lib\kotlin-compiler-2.1.0.jar;c:\Users\dttsi\AppData\Roaming\Code\User\globalStorage\fwcd.kotlin\langServerInstall\server\lib\exposed-dao-0.37.3.jar;c:\Users\dttsi\AppData\Roaming\Code\User\globalStorage\fwcd.kotlin\langServerInstall\server\lib\exposed-jdbc-0.37.3.jar;c:\Users\dttsi\AppData\Roaming\Code\User\globalStorage\fwcd.kotlin\langServerInstall\server\lib\exposed-core-0.37.3.jar;c:\Users\dttsi\AppData\Roaming\Code\User\globalStorage\fwcd.kotlin\langServerInstall\server\lib\kotlin-scripting-compiler-impl-2.1.0.jar;c:\Users\dttsi\AppData\Roaming\Code\User\globalStorage\fwcd.kotlin\langServerInstall\server\lib\kotlin-reflect-2.1.0.jar;c:\Users\dttsi\AppData\Roaming\Code\User\globalStorage\fwcd.kotlin\langServerInstall\server\lib\kotlin-scripting-jvm-2.1.0.jar;c:\Users\dttsi\AppData\Roaming\Code\User\globalStorage\fwcd.kotlin\langServerInstall\server\lib\kotlin-scripting-common-2.1.0.jar;c:\Users\dttsi\AppData\Roaming\Code\User\globalStorage\fwcd.kotlin\langServerInstall\server\lib\kotlinx-coroutines-core-jvm-1.6.4.jar;c:\Users\dttsi\AppData\Roaming\Code\User\globalStorage\fwcd.kotlin\langServerInstall\server\lib\kotlin-stdlib-jdk8-2.1.0.jar;c:\Users\dttsi\AppData\Roaming\Code\User\globalStorage\fwcd.kotlin\langServerInstall\server\lib\kotlin-stdlib-jdk7-2.1.0.jar;c:\Users\dttsi\AppData\Roaming\Code\User\globalStorage\fwcd.kotlin\langServerInstall\server\lib\kotlin-stdlib-2.1.0.jar;c:\Users\dttsi\AppData\Roaming\Code\User\globalStorage\fwcd.kotlin\langServerInstall\server\lib\org.eclipse.lsp4j-0.21.2.jar;c:\Users\dttsi\AppData\Roaming\Code\User\globalStorage\fwcd.kotlin\langServerInstall\server\lib\org.eclipse.lsp4j.jsonrpc-0.21.2.jar;c:\Users\dttsi\AppData\Roaming\Code\User\globalStorage\fwcd.kotlin\langServerInstall\server\lib\kotlin-sam-with-receiver-compiler-plugin-2.1.0.jar;c:\Users\dttsi\AppData\Roaming\Code\User\globalStorage\fwcd.kotlin\langServerInstall\server\lib\fernflower-1.0.jar;c:\Users\dttsi\AppData\Roaming\Code\User\globalStorage\fwcd.kotlin\langServerInstall\server\lib\h2-1.4.200.jar;c:\Users\dttsi\AppData\Roaming\Code\User\globalStorage\fwcd.kotlin\langServerInstall\server\lib\jcommander-1.78.jar;c:\Users\dttsi\AppData\Roaming\Code\User\globalStorage\fwcd.kotlin\langServerInstall\server\lib\sqlite-jdbc-3.41.2.1.jar;c:\Users\dttsi\AppData\Roaming\Code\User\globalStorage\fwcd.kotlin\langServerInstall\server\lib\google-java-format-1.8.jar;c:\Users\dttsi\AppData\Roaming\Code\User\globalStorage\fwcd.kotlin\langServerInstall\server\lib\guava-33.3.0-jre.jar;c:\Users\dttsi\AppData\Roaming\Code\User\globalStorage\fwcd.kotlin\langServerInstall\server\lib\annotations-13.0.jar;c:\Users\dttsi\AppData\Roaming\Code\User\globalStorage\fwcd.kotlin\langServerInstall\server\lib\gson-2.10.1.jar;c:\Users\dttsi\AppData\Roaming\Code\User\globalStorage\fwcd.kotlin\langServerInstall\server\lib\kotlin-script-runtime-2.1.0.jar;c:\Users\dttsi\AppData\Roaming\Code\User\globalStorage\fwcd.kotlin\langServerInstall\server\lib\trove4j-1.0.20200330.jar;c:\Users\dttsi\AppData\Roaming\Code\User\globalStorage\fwcd.kotlin\langServerInstall\server\lib\jline-3.24.1.jar;c:\Users\dttsi\AppData\Roaming\Code\User\globalStorage\fwcd.kotlin\langServerInstall\server\lib\slf4j-api-1.7.25.jar;c:\Users\dttsi\AppData\Roaming\Code\User\globalStorage\fwcd.kotlin\langServerInstall\server\lib\jna-4.2.2.jar;c:\Users\dttsi\AppData\Roaming\Code\User\globalStorage\fwcd.kotlin\langServerInstall\server\lib\failureaccess-1.0.2.jar;c:\Users\dttsi\AppData\Roaming\Code\User\globalStorage\fwcd.kotlin\langServerInstall\server\lib\listenablefuture-9999.0-empty-to-avoid-conflict-with-guava.jar;c:\Users\dttsi\AppData\Roaming\Code\User\globalStorage\fwcd.kotlin\langServerInstall\server\lib\jsr305-3.0.2.jar;c:\Users\dttsi\AppData\Roaming\Code\User\globalStorage\fwcd.kotlin\langServerInstall\server\lib\checker-qual-3.43.0.jar;c:\Users\dttsi\AppData\Roaming\Code\User\globalStorage\fwcd.kotlin\langServerInstall\server\lib\error_prone_annotations-2.28.0.jar
Launcher Type: SUN_STANDARD

[Global flags]
     intx CICompilerCount                          = 4                                         {product} {ergonomic}
     uint ConcGCThreads                            = 3                                         {product} {ergonomic}
     uint G1ConcRefinementThreads                  = 10                                        {product} {ergonomic}
   size_t G1HeapRegionSize                         = 1048576                                   {product} {ergonomic}
    uintx GCDrainStackTargetSize                   = 64                                        {product} {ergonomic}
   size_t InitialHeapSize                          = 130023424                                 {product} {ergonomic}
   size_t MarkStackSize                            = 4194304                                   {product} {ergonomic}
   size_t MaxHeapSize                              = 2076180480                                {product} {ergonomic}
   size_t MaxNewSize                               = 1245708288                                {product} {ergonomic}
   size_t MinHeapDeltaBytes                        = 1048576                                   {product} {ergonomic}
   size_t MinHeapSize                              = 8388608                                   {product} {ergonomic}
    uintx NonNMethodCodeHeapSize                   = 5839372                                {pd product} {ergonomic}
    uintx NonProfiledCodeHeapSize                  = 122909434                              {pd product} {ergonomic}
    uintx ProfiledCodeHeapSize                     = 122909434                              {pd product} {ergonomic}
    uintx ReservedCodeCacheSize                    = 251658240                              {pd product} {ergonomic}
     bool SegmentedCodeCache                       = true                                      {product} {ergonomic}
   size_t SoftMaxHeapSize                          = 2076180480                             {manageable} {ergonomic}
     bool UseCompressedOops                        = true                           {product lp64_product} {ergonomic}
     bool UseG1GC                                  = true                                      {product} {ergonomic}
     bool UseLargePagesIndividualAllocation        = false                                  {pd product} {ergonomic}

Logging:
Log output configuration:
 #0: stdout all=warning uptime,level,tags foldmultilines=false
 #1: stderr all=off uptime,level,tags foldmultilines=false

Environment Variables:
JAVA_HOME=C:\Program Files\Eclipse Adoptium\jdk-21.0.7.6-hotspot
CLASSPATH=c:\Users\dttsi\AppData\Roaming\Code\User\globalStorage\fwcd.kotlin\langServerInstall\server\lib\server-1.3.13.jar;c:\Users\dttsi\AppData\Roaming\Code\User\globalStorage\fwcd.kotlin\langServerInstall\server\lib\shared-1.3.13.jar;c:\Users\dttsi\AppData\Roaming\Code\User\globalStorage\fwcd.kotlin\langServerInstall\server\lib\kotlin-scripting-jvm-host-unshaded-2.1.0.jar;c:\Users\dttsi\AppData\Roaming\Code\User\globalStorage\fwcd.kotlin\langServerInstall\server\lib\kotlin-scripting-compiler-2.1.0.jar;c:\Users\dttsi\AppData\Roaming\Code\User\globalStorage\fwcd.kotlin\langServerInstall\server\lib\ktfmt-b5d31d1.jar;c:\Users\dttsi\AppData\Roaming\Code\User\globalStorage\fwcd.kotlin\langServerInstall\server\lib\kotlin-compiler-2.1.0.jar;c:\Users\dttsi\AppData\Roaming\Code\User\globalStorage\fwcd.kotlin\langServerInstall\server\lib\exposed-dao-0.37.3.jar;c:\Users\dttsi\AppData\Roaming\Code\User\globalStorage\fwcd.kotlin\langServerInstall\server\lib\exposed-jdbc-0.37.3.jar;c:\Users\dttsi\AppData\Roaming\Code\User\globalStorage\fwcd.kotlin\langServerInstall\server\lib\exposed-core-0.37.3.jar;c:\Users\dttsi\AppData\Roaming\Code\User\globalStorage\fwcd.kotlin\langServerInstall\server\lib\kotlin-scripting-compiler-impl-2.1.0.jar;c:\Users\dttsi\AppData\Roaming\Code\User\globalStorage\fwcd.kotlin\langServerInstall\server\lib\kotlin-reflect-2.1.0.jar;c:\Users\dttsi\AppData\Roaming\Code\User\globalStorage\fwcd.kotlin\langServerInstall\server\lib\kotlin-scripting-jvm-2.1.0.jar;c:\Users\dttsi\AppData\Roaming\Code\User\globalStorage\fwcd.kotlin\langServerInstall\server\lib\kotlin-scripting-common-2.1.0.jar;c:\Users\dttsi\AppData\Roaming\Code\User\globalStorage\fwcd.kotlin\langServerInstall\server\lib\kotlinx-coroutines-core-jvm-1.6.4.jar;c:\Users\dttsi\AppData\Roaming\Code\User\globalStorage\fwcd.kotlin\langServerInstall\server\lib\kotlin-stdlib-jdk8-2.1.0.jar;c:\Users\dttsi\AppData\Roaming\Code\User\globalStorage\fwcd.kotlin\langServerInstall\server\lib\kotlin-stdlib-jdk7-2.1.0.jar;c:\Users\dttsi\AppData\Roaming\Code\User\globalStorage\fwcd.kotlin\langServerInstall\server\lib\kotlin-stdlib-2.1.0.jar;c:\Users\dttsi\AppData\Roaming\Code\User\globalStorage\fwcd.kotlin\langServerInstall\server\lib\org.eclipse.lsp4j-0.21.2.jar;c:\Users\dttsi\AppData\Roaming\Code\User\globalStorage\fwcd.kotlin\langServerInstall\server\lib\org.eclipse.lsp4j.jsonrpc-0.21.2.jar;c:\Users\dttsi\AppData\Roaming\Code\User\globalStorage\fwcd.kotlin\langServerInstall\server\lib\kotlin-sam-with-receiver-compiler-plugin-2.1.0.jar;c:\Users\dttsi\AppData\Roaming\Code\User\globalStorage\fwcd.kotlin\langServerInstall\server\lib\fernflower-1.0.jar;c:\Users\dttsi\AppData\Roaming\Code\User\globalStorage\fwcd.kotlin\langServerInstall\server\lib\h2-1.4.200.jar;c:\Users\dttsi\AppData\Roaming\Code\User\globalStorage\fwcd.kotlin\langServerInstall\server\lib\jcommander-1.78.jar;c:\Users\dttsi\AppData\Roaming\Code\User\globalStorage\fwcd.kotlin\langServerInstall\server\lib\sqlite-jdbc-3.41.2.1.jar;c:\Users\dttsi\AppData\Roaming\Code\User\globalStorage\fwcd.kotlin\langServerInstall\server\lib\google-java-format-1.8.jar;c:\Users\dttsi\AppData\Roaming\Code\User\globalStorage\fwcd.kotlin\langServerInstall\server\lib\guava-33.3.0-jre.jar;c:\Users\dttsi\AppData\Roaming\Code\User\globalStorage\fwcd.kotlin\langServerInstall\server\lib\annotations-13.0.jar;c:\Users\dttsi\AppData\Roaming\Code\User\globalStorage\fwcd.kotlin\langServerInstall\server\lib\gson-2.10.1.jar;c:\Users\dttsi\AppData\Roaming\Code\User\globalStorage\fwcd.kotlin\langServerInstall\server\lib\kotlin-script-runtime-2.1.0.jar;c:\Users\dttsi\AppData\Roaming\Code\User\globalStorage\fwcd.kotlin\langServerInstall\server\lib\trove4j-1.0.20200330.jar;c:\Users\dttsi\AppData\Roaming\Code\User\globalStorage\fwcd.kotlin\langServerInstall\server\lib\jline-3.24.1.jar;c:\Users\dttsi\AppData\Roaming\Code\User\globalStorage\fwcd.kotlin\langServerInstall\server\lib\slf4j-api-1.7.25.jar;c:\Users\dttsi\AppData\Roaming\Code\User\globalStorage\fwcd.kotlin\langServerInstall\server\lib\jna-4.2.2.jar;c:\Users\dttsi\AppData\Roaming\Code\User\globalStorage\fwcd.kotlin\langServerInstall\server\lib\failureaccess-1.0.2.jar;c:\Users\dttsi\AppData\Roaming\Code\User\globalStorage\fwcd.kotlin\langServerInstall\server\lib\listenablefuture-9999.0-empty-to-avoid-conflict-with-guava.jar;c:\Users\dttsi\AppData\Roaming\Code\User\globalStorage\fwcd.kotlin\langServerInstall\server\lib\jsr305-3.0.2.jar;c:\Users\dttsi\AppData\Roaming\Code\User\globalStorage\fwcd.kotlin\langServerInstall\server\lib\checker-qual-3.43.0.jar;c:\Users\dttsi\AppData\Roaming\Code\User\globalStorage\fwcd.kotlin\langServerInstall\server\lib\error_prone_annotations-2.28.0.jar
PATH=C:\Program Files\Common Files\Oracle\Java\javapath;C:\Program Files\Eclipse Adoptium\jdk-17.0.15.6-hotspot\bin;C:\Program Files\Eclipse Adoptium\jdk-21.0.7.6-hotspot\bin;C:\WINDOWS\system32;C:\WINDOWS;C:\WINDOWS\System32\Wbem;C:\WINDOWS\System32\WindowsPowerShell\v1.0\;C:\WINDOWS\System32\OpenSSH\;C:\Program Files\Git\cmd;C:\Program Files\dotnet\;C:\ProgramData\chocolatey\bin;C:\Program Files\nodejs\;C:\Users\dttsi\AppData\Local\Programs\Python\Python38;C:\Users\dttsi\AppData\Local\Programs\Python\Python38\Scripts;C:\Program Files\CMake\bin;C:\Program Files\Void\bin;C:\Program Files\Docker\Docker\resources\bin;C:\Program Files\Eclipse Adoptium\jdk-21.0.7.6-hotspot\bin;C:\Program Files (x86)\Windows Kits\10\Windows Performance Toolkit\;C:\Users\dttsi\AppData\Local\Android\Sdk\platform-tools;C:\Users\dttsi\AppData\Local\Pub\Cache\bin;;c:\Users\dttsi\AppData\Local\Programs\cursor\resources\app\bin;C:\Users\dttsi\AppData\Local\Programs\Python\Python38\Scripts\;C:\Users\dttsi\AppData\Local\Programs\Python\Python38\;C:\Users\dttsi\.local\bin;C:\Users\dttsi\AppData\Local\Programs\Python\Launcher\;C:\Users\dttsi\AppData\Local\Microsoft\WindowsApps;C:\Program Files\OpenSSL-Win64\bin;C:\Users\dttsi\AppData\Roaming\npm;C:\Users\dttsi\AppData\Local\Programs\Windsurf\bin;C:\Program Files\heroku\bin;C:\Users\dttsi\AppData\Local\Programs\Aide\bin;C:\Users\dttsi\AppData\Local\Programs\Microsoft VS Code\bin;C:\Users\dttsi\Downloads\flutter_windows_3.32.6-stable\flutter\bin;C:\Users\gerla\AppData\Local\Android\Sdk\platform-tools;C:\Android\platform-tools;C:\Users\dttsi\AppData\Local\Android\Sdk;C:\Users\dttsi\AppData\Local\Programs\Kiro\bin
USERNAME=drr
OS=Windows_NT
PROCESSOR_IDENTIFIER=Intel64 Family 6 Model 154 Stepping 4, GenuineIntel
TMP=C:\Users\dttsi\AppData\Local\Temp
TEMP=C:\Users\dttsi\AppData\Local\Temp




Periodic native trim disabled

---------------  S Y S T E M  ---------------

OS:
 Windows 11 , 64 bit Build 26100 (10.0.26100.4768)
OS uptime: 8 days 9:07 hours
Hyper-V role detected

CPU: total 12 (initial active 12) (6 cores per cpu, 2 threads per core) family 6 model 154 stepping 4 microcode 0x433, cx8, cmov, fxsr, ht, mmx, 3dnowpref, sse, sse2, sse3, ssse3, sse4.1, sse4.2, popcnt, lzcnt, tsc, tscinvbit, avx, avx2, aes, erms, clmul, bmi1, bmi2, adx, sha, fma, vzeroupper, clflush, clflushopt, clwb, hv, serialize, rdtscp, rdpid, fsrm, f16c, cet_ibt, cet_ss
Processor Information for processor 0
  Max Mhz: 1700, Current Mhz: 1700, Mhz Limit: 1700
Processor Information for processor 1
  Max Mhz: 1700, Current Mhz: 1700, Mhz Limit: 1700
Processor Information for processor 2
  Max Mhz: 1700, Current Mhz: 1700, Mhz Limit: 1700
Processor Information for processor 3
  Max Mhz: 1700, Current Mhz: 1700, Mhz Limit: 1700
Processor Information for processor 4
  Max Mhz: 1200, Current Mhz: 1200, Mhz Limit: 1200
Processor Information for processor 5
  Max Mhz: 1200, Current Mhz: 1200, Mhz Limit: 1200
Processor Information for processor 6
  Max Mhz: 1200, Current Mhz: 1200, Mhz Limit: 1200
Processor Information for processor 7
  Max Mhz: 1200, Current Mhz: 1200, Mhz Limit: 1200
Processor Information for processor 8
  Max Mhz: 1200, Current Mhz: 1200, Mhz Limit: 1200
Processor Information for processor 9
  Max Mhz: 1200, Current Mhz: 1200, Mhz Limit: 1200
Processor Information for processor 10
  Max Mhz: 1200, Current Mhz: 1200, Mhz Limit: 1200
Processor Information for processor 11
  Max Mhz: 1200, Current Mhz: 1200, Mhz Limit: 1200

Memory: 4k page, system-wide physical 7916M (845M free)
TotalPageFile size 32492M (AvailPageFile size 242M)
current process WorkingSet (physical memory assigned to process): 291M, peak: 393M
current process commit charge ("private bytes"): 521M, peak: 530M

vm_info: OpenJDK 64-Bit Server VM (21.0.7+6-LTS) for windows-amd64 JRE (21.0.7+6-LTS), built on 2025-04-15T00:00:00Z by "admin" with MS VC++ 17.7 (VS2022)

END.
